#
# A fatal error has been detected by the Java Runtime Environment:
#
#  EXCEPTION_ACCESS_VIOLATION (0xc0000005) at pc=0x0000000067e72404, pid=15096, tid=5996
#
# JRE version: 7.0_21-b11
# Java VM: Java HotSpot(TM) 64-Bit Server VM (23.21-b01 mixed mode windows-amd64 compressed oops)
# Problematic frame:
# C  [fontmanager.dll+0x12404]  Java_sun_font_FileFontStrike__1getGlyphImageFromWindows+0xe838
#
# Failed to write core dump. Minidumps are not enabled by default on client versions of Windows
#
# If you would like to submit a bug report, please visit:
#   http://bugreport.sun.com/bugreport/crash.jsp
# The crash happened outside the Java Virtual Machine in native code.
# See problematic frame for where to report the bug.
#

---------------  T H R E A D  ---------------

Current thread (0x000000000dacd800):  JavaThread "AWT-EventQueue-0" [_thread_in_native, id=5996, stack(0x000000000eaa0000,0x000000000eba0000)]

siginfo: ExceptionCode=0xc0000005, reading address 0x0000000010c18261

Registers:
RAX=0x000000000eb9b8f0, RBX=0x0000000000000039, RCX=0x0000000010c18261, RDX=0x00000000ffffffff
RSP=0x000000000eb9b870, RBP=0x0000000000000039, RSI=0x000000000eb9c120, RDI=0x0000000010c18261
R8 =0x0000000000000000, R9 =0x000000000eb9c120, R10=0x0000000000000000, R11=0x0000000000000008
R12=0x0000000010c082de, R13=0x000000000eb9bad0, R14=0x0000000000000001, R15=0x000000000eb9c108
RIP=0x0000000067e72404, EFLAGS=0x0000000000010246

Top of Stack: (sp=0x000000000eb9b870)
0x000000000eb9b870:   000000000eb9b8f8 0000000000000000
0x000000000eb9b880:   0000000000000000 0000000000000000
0x000000000eb9b890:   000000000eb9bd20 0000000067e72573
0x000000000eb9b8a0:   0000000000000039 000000000eb9b9a0
0x000000000eb9b8b0:   000000000eb9c120 000000077c8664a0
0x000000000eb9b8c0:   000000000eb9b8f0 000000077c865a68
0x000000000eb9b8d0:   0000000000000000 0000000000000039
0x000000000eb9b8e0:   000000000eb9b948 00000000028f6414
0x000000000eb9b8f0:   0000000000000031 000000000eb9c120
0x000000000eb9b900:   0000000047504f53 000000000eb9bad0
0x000000000eb9b910:   0000000010c082de 000000000000e7f4
0x000000000eb9b920:   000000000eb9c108 0000000000000000
0x000000000eb9b930:   0000000000000000 0000000000000000
0x000000000eb9b940:   0000000080000000 00000000029094aa
0x000000000eb9b950:   000000077bed9570 00000000ef899418
0x000000000eb9b960:   000000077c3d5ac1 000000000eb9b9a8 

Instructions: (pc=0x0000000067e72404)
0x0000000067e723e4:   08 48 89 6c 24 10 48 89 74 24 18 57 48 83 ec 20
0x0000000067e723f4:   8b ea 83 ca ff 49 8b f1 48 8b f9 45 85 c0 78 6b
0x0000000067e72404:   44 0f b7 19 41 0f b7 c3 66 41 c1 e3 08 66 c1 e8
0x0000000067e72414:   08 44 0f b6 d0 41 0f b7 c3 44 0b d0 45 3b c2 7d 


Register to memory mapping:

RAX=0x000000000eb9b8f0 is pointing into the stack for thread: 0x000000000dacd800
RBX=0x0000000000000039 is an unknown value
RCX=0x0000000010c18261 is an unknown value
RDX=0x00000000ffffffff is an unknown value
RSP=0x000000000eb9b870 is pointing into the stack for thread: 0x000000000dacd800
RBP=0x0000000000000039 is an unknown value
RSI=0x000000000eb9c120 is pointing into the stack for thread: 0x000000000dacd800
RDI=0x0000000010c18261 is an unknown value
R8 =0x0000000000000000 is an unknown value
R9 =0x000000000eb9c120 is pointing into the stack for thread: 0x000000000dacd800
R10=0x0000000000000000 is an unknown value
R11=0x0000000000000008 is an unknown value
R12=0x0000000010c082de is an unknown value
R13=0x000000000eb9bad0 is pointing into the stack for thread: 0x000000000dacd800
R14=0x0000000000000001 is an unknown value
R15=0x000000000eb9c108 is pointing into the stack for thread: 0x000000000dacd800


Stack: [0x000000000eaa0000,0x000000000eba0000],  sp=0x000000000eb9b870,  free space=1006k
Native frames: (J=compiled Java code, j=interpreted, Vv=VM code, C=native code)
C  [fontmanager.dll+0x12404]  Java_sun_font_FileFontStrike__1getGlyphImageFromWindows+0xe838

Java frames: (J=compiled Java code, j=interpreted, Vv=VM code)
j  sun.font.SunLayoutEngine.nativeLayout(Lsun/font/Font2D;Lsun/font/FontStrike;[FII[CIIIIIIILjava/awt/geom/Point2D$Float;Lsun/font/GlyphLayout$GVData;JJ)V+0
j  sun.font.SunLayoutEngine.layout(Lsun/font/FontStrikeDesc;[FIILsun/font/TextRecord;ILjava/awt/geom/Point2D$Float;Lsun/font/GlyphLayout$GVData;)V+98
j  sun.font.GlyphLayout$EngineRecord.layout()V+95
j  sun.font.GlyphLayout.layout(Ljava/awt/Font;Ljava/awt/font/FontRenderContext;[CIIILsun/font/StandardGlyphVector;)Lsun/font/StandardGlyphVector;+541
j  sun.font.ExtendedTextSourceLabel.createGV()Lsun/font/StandardGlyphVector;+63
j  sun.font.ExtendedTextSourceLabel.getGV()Lsun/font/StandardGlyphVector;+9
j  sun.font.ExtendedTextSourceLabel.createCharinfo()[F+1
j  sun.font.ExtendedTextSourceLabel.getCharinfo()[F+9
j  sun.font.ExtendedTextSourceLabel.getLineBreakIndex(IF)I+1
j  java.awt.font.TextMeasurer.calcLineBreak(IF)I+96
j  java.awt.font.TextMeasurer.getLineBreakIndex(IF)I+38
j  java.awt.font.LineBreakMeasurer.nextOffset(FIZ)I+44
j  net.sf.jasperreports.engine.fill.SimpleTextLineWrapper.measureExactLineBreakIndex(FIZ)I+110
j  net.sf.jasperreports.engine.fill.SimpleTextLineWrapper.measureExactLine(FIZ)Lnet/sf/jasperreports/engine/fill/TextLine;+4
j  net.sf.jasperreports.engine.fill.SimpleTextLineWrapper.nextLine(FIZ)Lnet/sf/jasperreports/engine/fill/TextLine;+88
j  net.sf.jasperreports.engine.fill.TextMeasurer.renderNextLine(Lnet/sf/jasperreports/engine/fill/TextLineWrapper;Ljava/util/List;[I[Lnet/sf/jasperreports/engine/TabStop;[Z)Z+253
j  net.sf.jasperreports.engine.fill.TextMeasurer.renderParagraph(Lnet/sf/jasperreports/engine/fill/TextLineWrapper;ILjava/lang/String;)Z+120
j  net.sf.jasperreports.engine.fill.TextMeasurer.measure(Lnet/sf/jasperreports/engine/util/JRStyledText;IIZ)Lnet/sf/jasperreports/engine/fill/JRMeasuredText;+193
j  net.sf.jasperreports.engine.fill.JRFillTextElement.chopTextElement(I)V+45
j  net.sf.jasperreports.engine.fill.JRFillStaticText.prepare(IZ)Z+190
j  net.sf.jasperreports.engine.fill.JRFillElementContainer.prepareElements(IZ)V+94
j  net.sf.jasperreports.engine.fill.JRFillBand.fill(IZ)Lnet/sf/jasperreports/engine/fill/JRPrintBand;+55
j  net.sf.jasperreports.engine.fill.JRFillBand.fill(I)Lnet/sf/jasperreports/engine/fill/JRPrintBand;+3
j  net.sf.jasperreports.engine.fill.JRVerticalFiller.fillTitle()V+139
j  net.sf.jasperreports.engine.fill.JRVerticalFiller.fillReportStart()V+60
j  net.sf.jasperreports.engine.fill.JRVerticalFiller.fillReport()V+13
j  net.sf.jasperreports.engine.fill.JRBaseFiller.fill(Ljava/util/Map;)Lnet/sf/jasperreports/engine/JasperPrint;+303
j  net.sf.jasperreports.engine.fill.JRBaseFiller.fill(Ljava/util/Map;Lnet/sf/jasperreports/engine/JRDataSource;)Lnet/sf/jasperreports/engine/JasperPrint;+20
j  net.sf.jasperreports.engine.fill.JRFiller.fill(Lnet/sf/jasperreports/engine/JasperReportsContext;Lnet/sf/jasperreports/engine/JasperReport;Ljava/util/Map;Lnet/sf/jasperreports/engine/JRDataSource;)Lnet/sf/jasperreports/engine/JasperPrint;+14
j  net.sf.jasperreports.engine.JasperFillManager.fill(Lnet/sf/jasperreports/engine/JasperReport;Ljava/util/Map;Lnet/sf/jasperreports/engine/JRDataSource;)Lnet/sf/jasperreports/engine/JasperPrint;+7
j  net.sf.jasperreports.engine.JasperFillManager.fillReport(Lnet/sf/jasperreports/engine/JasperReport;Ljava/util/Map;Lnet/sf/jasperreports/engine/JRDataSource;)Lnet/sf/jasperreports/engine/JasperPrint;+6
j  Presentacion.Importaciones.IU_Valorizacion.convertValorizacionToPDF()V+503
j  Presentacion.Importaciones.IU_Valorizacion.preparandoValorizacion(Ljavax/swing/JOptionPane;LEntidades/Cabecsugerido;)V+460
j  Presentacion.Importaciones.IU_Valorizacion.btnImprimirActionPerformed(Ljava/awt/event/ActionEvent;)V+237
j  Presentacion.Importaciones.IU_Valorizacion.access$1000(LPresentacion/Importaciones/IU_Valorizacion;Ljava/awt/event/ActionEvent;)V+2
j  Presentacion.Importaciones.IU_Valorizacion$10.actionPerformed(Ljava/awt/event/ActionEvent;)V+5
j  javax.swing.AbstractButton.fireActionPerformed(Ljava/awt/event/ActionEvent;)V+84
j  javax.swing.AbstractButton$Handler.actionPerformed(Ljava/awt/event/ActionEvent;)V+5
j  javax.swing.DefaultButtonModel.fireActionPerformed(Ljava/awt/event/ActionEvent;)V+35
j  javax.swing.DefaultButtonModel.setPressed(Z)V+117
j  javax.swing.plaf.basic.BasicButtonListener.mouseReleased(Ljava/awt/event/MouseEvent;)V+35
j  java.awt.Component.processMouseEvent(Ljava/awt/event/MouseEvent;)V+64
j  javax.swing.JComponent.processMouseEvent(Ljava/awt/event/MouseEvent;)V+23
j  java.awt.Component.processEvent(Ljava/awt/AWTEvent;)V+81
j  java.awt.Container.processEvent(Ljava/awt/AWTEvent;)V+18
j  java.awt.Component.dispatchEventImpl(Ljava/awt/AWTEvent;)V+581
J  java.awt.Container.dispatchEventImpl(Ljava/awt/AWTEvent;)V
J  java.awt.LightweightDispatcher.retargetMouseEvent(Ljava/awt/Component;ILjava/awt/event/MouseEvent;)V
j  java.awt.LightweightDispatcher.processMouseEvent(Ljava/awt/event/MouseEvent;)Z+139
J  java.awt.Container.dispatchEventImpl(Ljava/awt/AWTEvent;)V
j  java.awt.Window.dispatchEventImpl(Ljava/awt/AWTEvent;)V+19
j  java.awt.Component.dispatchEvent(Ljava/awt/AWTEvent;)V+2
j  java.awt.EventQueue.dispatchEventImpl(Ljava/awt/AWTEvent;Ljava/lang/Object;)V+41
j  java.awt.EventQueue.access$200(Ljava/awt/EventQueue;Ljava/awt/AWTEvent;Ljava/lang/Object;)V+3
j  java.awt.EventQueue$3.run()Ljava/lang/Void;+12
j  java.awt.EventQueue$3.run()Ljava/lang/Object;+1
v  ~StubRoutines::call_stub
J  java.security.AccessController.doPrivileged(Ljava/security/PrivilegedAction;Ljava/security/AccessControlContext;)Ljava/lang/Object;
J  java.security.ProtectionDomain$1.doIntersectionPrivilege(Ljava/security/PrivilegedAction;Ljava/security/AccessControlContext;Ljava/security/AccessControlContext;)Ljava/lang/Object;
j  java.security.ProtectionDomain$1.doIntersectionPrivilege(Ljava/security/PrivilegedAction;Ljava/security/AccessControlContext;)Ljava/lang/Object;+6
j  java.awt.EventQueue$4.run()Ljava/lang/Void;+11
j  java.awt.EventQueue$4.run()Ljava/lang/Object;+1
v  ~StubRoutines::call_stub
J  java.security.AccessController.doPrivileged(Ljava/security/PrivilegedAction;Ljava/security/AccessControlContext;)Ljava/lang/Object;
J  java.security.ProtectionDomain$1.doIntersectionPrivilege(Ljava/security/PrivilegedAction;Ljava/security/AccessControlContext;Ljava/security/AccessControlContext;)Ljava/lang/Object;
j  java.awt.EventQueue.dispatchEvent(Ljava/awt/AWTEvent;)V+73
J  java.awt.EventDispatchThread.pumpOneEventForFilters(I)V
J  java.awt.EventDispatchThread.pumpEventsForFilter(ILjava/awt/Conditional;Ljava/awt/EventFilter;)V
j  java.awt.EventDispatchThread.pumpEventsForHierarchy(ILjava/awt/Conditional;Ljava/awt/Component;)V+11
j  java.awt.EventDispatchThread.pumpEvents(ILjava/awt/Conditional;)V+4
j  java.awt.EventDispatchThread.pumpEvents(Ljava/awt/Conditional;)V+3
j  java.awt.EventDispatchThread.run()V+9
v  ~StubRoutines::call_stub

---------------  P R O C E S S  ---------------

Java Threads: ( => current thread )
  0x000000000fb53800 JavaThread "Image Fetcher 0" daemon [_thread_blocked, id=14844, stack(0x000000000e690000,0x000000000e790000)]
  0x000000000f070000 JavaThread "Thread-3" [_thread_blocked, id=3692, stack(0x00000000128f0000,0x00000000129f0000)]
  0x000000000e28a000 JavaThread "Thread-2" [_thread_blocked, id=4624, stack(0x00000000127f0000,0x00000000128f0000)]
  0x000000000fcf3800 JavaThread "TimerQueue" daemon [_thread_blocked, id=13660, stack(0x0000000011b80000,0x0000000011c80000)]
  0x000000000e255000 JavaThread "Abandoned connection cleanup thread" daemon [_thread_blocked, id=14936, stack(0x0000000010e40000,0x0000000010f40000)]
  0x000000000dad7000 JavaThread "org.netbeans.modules.debugger.jpda.visual AWT Access Loop" daemon [_thread_blocked, id=1788, stack(0x000000000eba0000,0x000000000eca0000)]
  0x00000000027f3800 JavaThread "DestroyJavaVM" [_thread_blocked, id=7340, stack(0x0000000002540000,0x0000000002640000)]
=>0x000000000dacd800 JavaThread "AWT-EventQueue-0" [_thread_in_native, id=5996, stack(0x000000000eaa0000,0x000000000eba0000)]
  0x000000000d771800 JavaThread "AWT-Windows" daemon [_thread_in_native, id=1256, stack(0x000000000e4a0000,0x000000000e5a0000)]
  0x000000000d771000 JavaThread "AWT-Shutdown" [_thread_blocked, id=5792, stack(0x000000000e3a0000,0x000000000e4a0000)]
  0x000000000d770000 JavaThread "Java2D Disposer" daemon [_thread_blocked, id=14788, stack(0x000000000e2a0000,0x000000000e3a0000)]
  0x000000000b8a8000 JavaThread "Service Thread" daemon [_thread_blocked, id=3220, stack(0x000000000d330000,0x000000000d430000)]
  0x000000000b8a5000 JavaThread "C2 CompilerThread1" daemon [_thread_blocked, id=7636, stack(0x000000000d230000,0x000000000d330000)]
  0x000000000b896000 JavaThread "C2 CompilerThread0" daemon [_thread_blocked, id=2268, stack(0x000000000d130000,0x000000000d230000)]
  0x000000000b886000 JavaThread "JDWP Command Reader" daemon [_thread_in_native, id=13924, stack(0x000000000d030000,0x000000000d130000)]
  0x000000000b883000 JavaThread "JDWP Event Helper Thread" daemon [_thread_blocked, id=12536, stack(0x000000000cf30000,0x000000000d030000)]
  0x000000000b880800 JavaThread "JDWP Transport Listener: dt_shmem" daemon [_thread_blocked, id=5020, stack(0x000000000ce30000,0x000000000cf30000)]
  0x000000000b871000 JavaThread "Attach Listener" daemon [_thread_blocked, id=6752, stack(0x000000000cd30000,0x000000000ce30000)]
  0x000000000b86e000 JavaThread "Signal Dispatcher" daemon [_thread_blocked, id=6128, stack(0x000000000cc30000,0x000000000cd30000)]
  0x000000000b806000 JavaThread "Finalizer" daemon [_thread_blocked, id=12384, stack(0x000000000cb30000,0x000000000cc30000)]
  0x000000000b802800 JavaThread "Reference Handler" daemon [_thread_blocked, id=10360, stack(0x000000000ca30000,0x000000000cb30000)]

Other Threads:
  0x000000000b7fa000 VMThread [stack: 0x000000000c930000,0x000000000ca30000] [id=8636]
  0x000000000d43c800 WatcherThread [stack: 0x000000000d830000,0x000000000d930000] [id=9580]

VM state:not at safepoint (normal execution)

VM Mutex/Monitor currently owned by a thread: None

Heap
 PSYoungGen      total 254848K, used 199112K [0x00000007d5ab0000, 0x00000007f4390000, 0x0000000800000000)
  eden space 237568K, 76% used [0x00000007d5ab0000,0x00000007e0c46e58,0x00000007e42b0000)
  from space 17280K, 99% used [0x00000007f32b0000,0x00000007f438b2c8,0x00000007f4390000)
  to   space 28608K, 0% used [0x00000007f0bb0000,0x00000007f0bb0000,0x00000007f27a0000)
 ParOldGen       total 120576K, used 68774K [0x0000000781000000, 0x00000007885c0000, 0x00000007d5ab0000)
  object space 120576K, 57% used [0x0000000781000000,0x0000000785329aa0,0x00000007885c0000)
 PSPermGen       total 66752K, used 46885K [0x000000077be00000, 0x000000077ff30000, 0x0000000781000000)
  object space 66752K, 70% used [0x000000077be00000,0x000000077ebc9670,0x000000077ff30000)

Card table byte_map: [0x00000000059b0000,0x0000000005de0000] byte_map_base: 0x0000000001dd1000

Polling page: 0x0000000000c90000

Code Cache  [0x00000000028f0000, 0x00000000031f0000, 0x00000000058f0000)
 total_blobs=2989 nmethods=2333 adapters=612 free_code_cache=40096Kb largest_free_block=40947328

Compilation events (10 events):
Event: 786.885 Thread 0x000000000b8a5000 nmethod 2597 0x00000000031905d0 code [0x0000000003190700, 0x0000000003190758]
Event: 786.885 Thread 0x000000000b896000 nmethod 2596 0x00000000031c65d0 code [0x00000000031c6700, 0x00000000031c6758]
Event: 786.885 Thread 0x000000000b896000 2598   !         sun.reflect.GeneratedConstructorAccessor49::newInstance (49 bytes)
Event: 786.886 Thread 0x000000000b896000 nmethod 2598 0x00000000031c7490 code [0x00000000031c75e0, 0x00000000031c76b8]
Event: 786.937 Thread 0x000000000b8a5000 2599             org.codehaus.groovy.classgen.VerifierCodeVisitor::assertValidIdentifier (192 bytes)
Event: 786.944 Thread 0x000000000b8a5000 nmethod 2599 0x0000000003191190 code [0x0000000003191320, 0x0000000003191848]
Event: 786.954 Thread 0x000000000b896000 2600             groovyjarjarasm.asm.ByteVector::putShort (52 bytes)
Event: 786.956 Thread 0x000000000b896000 nmethod 2600 0x00000000031b6f10 code [0x00000000031b7060, 0x00000000031b7228]
Event: 786.989 Thread 0x000000000b8a5000 2601             java.util.Arrays::fill (28 bytes)
Event: 786.991 Thread 0x000000000b8a5000 nmethod 2601 0x0000000003190d10 code [0x0000000003190e60, 0x0000000003191088]

GC Heap History (10 events):
Event: 667.260 GC heap before
{Heap before GC invocations=18 (full 1):
 PSYoungGen      total 290560K, used 290548K [0x00000007d5ab0000, 0x00000007f7010000, 0x0000000800000000)
  eden space 284864K, 100% used [0x00000007d5ab0000,0x00000007e70e0000,0x00000007e70e0000)
  from space 5696K, 99% used [0x00000007f6a80000,0x00000007f700d090,0x00000007f7010000)
  to   space 30912K, 0% used [0x00000007f33b0000,0x00000007f33b0000,0x00000007f51e0000)
 ParOldGen       total 95360K, used 58936K [0x0000000781000000, 0x0000000786d20000, 0x00000007d5ab0000)
  object space 95360K, 61% used [0x0000000781000000,0x000000078498e2c0,0x0000000786d20000)
 PSPermGen       total 66752K, used 45941K [0x000000077be00000, 0x000000077ff30000, 0x0000000781000000)
  object space 66752K, 68% used [0x000000077be00000,0x000000077eadd648,0x000000077ff30000)
Event: 667.278 GC heap after
Heap after GC invocations=18 (full 1):
 PSYoungGen      total 280640K, used 8496K [0x00000007d5ab0000, 0x00000007f6a90000, 0x0000000800000000)
  eden space 272128K, 0% used [0x00000007d5ab0000,0x00000007d5ab0000,0x00000007e6470000)
  from space 8512K, 99% used [0x00000007f33b0000,0x00000007f3bfc188,0x00000007f3c00000)
  to   space 29888K, 0% used [0x00000007f4d60000,0x00000007f4d60000,0x00000007f6a90000)
 ParOldGen       total 95360K, used 64706K [0x0000000781000000, 0x0000000786d20000, 0x00000007d5ab0000)
  object space 95360K, 67% used [0x0000000781000000,0x0000000784f30990,0x0000000786d20000)
 PSPermGen       total 66752K, used 45941K [0x000000077be00000, 0x000000077ff30000, 0x0000000781000000)
  object space 66752K, 68% used [0x000000077be00000,0x000000077eadd648,0x000000077ff30000)
}
Event: 715.191 GC heap before
{Heap before GC invocations=19 (full 1):
 PSYoungGen      total 280640K, used 280624K [0x00000007d5ab0000, 0x00000007f6a90000, 0x0000000800000000)
  eden space 272128K, 100% used [0x00000007d5ab0000,0x00000007e6470000,0x00000007e6470000)
  from space 8512K, 99% used [0x00000007f33b0000,0x00000007f3bfc188,0x00000007f3c00000)
  to   space 29888K, 0% used [0x00000007f4d60000,0x00000007f4d60000,0x00000007f6a90000)
 ParOldGen       total 95360K, used 64706K [0x0000000781000000, 0x0000000786d20000, 0x00000007d5ab0000)
  object space 95360K, 67% used [0x0000000781000000,0x0000000784f30990,0x0000000786d20000)
 PSPermGen       total 66752K, used 46151K [0x000000077be00000, 0x000000077ff30000, 0x0000000781000000)
  object space 66752K, 69% used [0x000000077be00000,0x000000077eb11d10,0x000000077ff30000)
Event: 715.212 GC heap after
Heap after GC invocations=19 (full 1):
 PSYoungGen      total 275264K, used 15194K [0x00000007d5ab0000, 0x00000007f5c40000, 0x0000000800000000)
  eden space 260032K, 0% used [0x00000007d5ab0000,0x00000007d5ab0000,0x00000007e58a0000)
  from space 15232K, 99% used [0x00000007f4d60000,0x00000007f5c36bd8,0x00000007f5c40000)
  to   space 29184K, 0% used [0x00000007f2340000,0x00000007f2340000,0x00000007f3fc0000)
 ParOldGen       total 95360K, used 69720K [0x0000000781000000, 0x0000000786d20000, 0x00000007d5ab0000)
  object space 95360K, 73% used [0x0000000781000000,0x0000000785416058,0x0000000786d20000)
 PSPermGen       total 66752K, used 46151K [0x000000077be00000, 0x000000077ff30000, 0x0000000781000000)
  object space 66752K, 69% used [0x000000077be00000,0x000000077eb11d10,0x000000077ff30000)
}
Event: 757.959 GC heap before
{Heap before GC invocations=20 (full 1):
 PSYoungGen      total 275264K, used 275226K [0x00000007d5ab0000, 0x00000007f5c40000, 0x0000000800000000)
  eden space 260032K, 100% used [0x00000007d5ab0000,0x00000007e58a0000,0x00000007e58a0000)
  from space 15232K, 99% used [0x00000007f4d60000,0x00000007f5c36bd8,0x00000007f5c40000)
  to   space 29184K, 0% used [0x00000007f2340000,0x00000007f2340000,0x00000007f3fc0000)
 ParOldGen       total 95360K, used 69720K [0x0000000781000000, 0x0000000786d20000, 0x00000007d5ab0000)
  object space 95360K, 73% used [0x0000000781000000,0x0000000785416058,0x0000000786d20000)
 PSPermGen       total 66752K, used 46567K [0x000000077be00000, 0x000000077ff30000, 0x0000000781000000)
  object space 66752K, 69% used [0x000000077be00000,0x000000077eb79c30,0x000000077ff30000)
Event: 757.995 GC heap after
Heap after GC invocations=20 (full 1):
 PSYoungGen      total 264320K, used 15790K [0x00000007d5ab0000, 0x00000007f4d70000, 0x0000000800000000)
  eden space 248512K, 0% used [0x00000007d5ab0000,0x00000007d5ab0000,0x00000007e4d60000)
  from space 15808K, 99% used [0x00000007f2340000,0x00000007f32ab920,0x00000007f32b0000)
  to   space 27392K, 0% used [0x00000007f32b0000,0x00000007f32b0000,0x00000007f4d70000)
 ParOldGen       total 95360K, used 79676K [0x0000000781000000, 0x0000000786d20000, 0x00000007d5ab0000)
  object space 95360K, 83% used [0x0000000781000000,0x0000000785dcf140,0x0000000786d20000)
 PSPermGen       total 66752K, used 46567K [0x000000077be00000, 0x000000077ff30000, 0x0000000781000000)
  object space 66752K, 69% used [0x000000077be00000,0x000000077eb79c30,0x000000077ff30000)
}
Event: 757.995 GC heap before
{Heap before GC invocations=21 (full 2):
 PSYoungGen      total 264320K, used 15790K [0x00000007d5ab0000, 0x00000007f4d70000, 0x0000000800000000)
  eden space 248512K, 0% used [0x00000007d5ab0000,0x00000007d5ab0000,0x00000007e4d60000)
  from space 15808K, 99% used [0x00000007f2340000,0x00000007f32ab920,0x00000007f32b0000)
  to   space 27392K, 0% used [0x00000007f32b0000,0x00000007f32b0000,0x00000007f4d70000)
 ParOldGen       total 95360K, used 79676K [0x0000000781000000, 0x0000000786d20000, 0x00000007d5ab0000)
  object space 95360K, 83% used [0x0000000781000000,0x0000000785dcf140,0x0000000786d20000)
 PSPermGen       total 66752K, used 46567K [0x000000077be00000, 0x000000077ff30000, 0x0000000781000000)
  object space 66752K, 69% used [0x000000077be00000,0x000000077eb79c30,0x000000077ff30000)
Event: 758.268 GC heap after
Heap after GC invocations=21 (full 2):
 PSYoungGen      total 264320K, used 0K [0x00000007d5ab0000, 0x00000007f4d70000, 0x0000000800000000)
  eden space 248512K, 0% used [0x00000007d5ab0000,0x00000007d5ab0000,0x00000007e4d60000)
  from space 15808K, 0% used [0x00000007f2340000,0x00000007f2340000,0x00000007f32b0000)
  to   space 27392K, 0% used [0x00000007f32b0000,0x00000007f32b0000,0x00000007f4d70000)
 ParOldGen       total 120576K, used 68766K [0x0000000781000000, 0x00000007885c0000, 0x00000007d5ab0000)
  object space 120576K, 57% used [0x0000000781000000,0x0000000785327aa0,0x00000007885c0000)
 PSPermGen       total 66752K, used 46555K [0x000000077be00000, 0x000000077ff30000, 0x0000000781000000)
  object space 66752K, 69% used [0x000000077be00000,0x000000077eb76fa8,0x000000077ff30000)
}
Event: 759.736 GC heap before
{Heap before GC invocations=22 (full 2):
 PSYoungGen      total 264320K, used 248512K [0x00000007d5ab0000, 0x00000007f4d70000, 0x0000000800000000)
  eden space 248512K, 100% used [0x00000007d5ab0000,0x00000007e4d60000,0x00000007e4d60000)
  from space 15808K, 0% used [0x00000007f2340000,0x00000007f2340000,0x00000007f32b0000)
  to   space 27392K, 0% used [0x00000007f32b0000,0x00000007f32b0000,0x00000007f4d70000)
 ParOldGen       total 120576K, used 68766K [0x0000000781000000, 0x00000007885c0000, 0x00000007d5ab0000)
  object space 120576K, 57% used [0x0000000781000000,0x0000000785327aa0,0x00000007885c0000)
 PSPermGen       total 66752K, used 46721K [0x000000077be00000, 0x000000077ff30000, 0x0000000781000000)
  object space 66752K, 69% used [0x000000077be00000,0x000000077eba0520,0x000000077ff30000)
Event: 759.760 GC heap after
Heap after GC invocations=22 (full 2):
 PSYoungGen      total 254848K, used 17260K [0x00000007d5ab0000, 0x00000007f4390000, 0x0000000800000000)
  eden space 237568K, 0% used [0x00000007d5ab0000,0x00000007d5ab0000,0x00000007e42b0000)
  from space 17280K, 99% used [0x00000007f32b0000,0x00000007f438b2c8,0x00000007f4390000)
  to   space 28608K, 0% used [0x00000007f0bb0000,0x00000007f0bb0000,0x00000007f27a0000)
 ParOldGen       total 120576K, used 68774K [0x0000000781000000, 0x00000007885c0000, 0x00000007d5ab0000)
  object space 120576K, 57% used [0x0000000781000000,0x0000000785329aa0,0x00000007885c0000)
 PSPermGen       total 66752K, used 46721K [0x000000077be00000, 0x000000077ff30000, 0x0000000781000000)
  object space 66752K, 69% used [0x000000077be00000,0x000000077eba0520,0x000000077ff30000)
}

Deoptimization events (10 events):
Event: 786.885 Thread 0x000000000dacd800 Uncommon trap -89 fr.pc 0x0000000002df5368
Event: 786.885 Thread 0x000000000dacd800 Uncommon trap -89 fr.pc 0x0000000002df5368
Event: 786.885 Thread 0x000000000dacd800 Uncommon trap -89 fr.pc 0x0000000002df5368
Event: 786.885 Thread 0x000000000dacd800 Uncommon trap -89 fr.pc 0x0000000002df5368
Event: 786.885 Thread 0x000000000dacd800 Uncommon trap -89 fr.pc 0x0000000002df5368
Event: 786.886 Thread 0x000000000dacd800 Uncommon trap -89 fr.pc 0x0000000002df5368
Event: 786.886 Thread 0x000000000dacd800 Uncommon trap -89 fr.pc 0x0000000002df5368
Event: 786.886 Thread 0x000000000dacd800 Uncommon trap -89 fr.pc 0x0000000002df5368
Event: 786.886 Thread 0x000000000dacd800 Uncommon trap -89 fr.pc 0x0000000002df5368
Event: 786.994 Thread 0x000000000dacd800 Uncommon trap -42 fr.pc 0x0000000002f4a63c

Internal exceptions (10 events):
Event: 786.994 Thread 0x000000000dacd800 Threw 0x00000007e0a356a0 at C:\jdk7u2_64p\jdk7u21\hotspot\src\share\vm\prims\jvm.cpp:1166
Event: 786.995 Thread 0x000000000dacd800 Threw 0x00000007e0a3baa8 at C:\jdk7u2_64p\jdk7u21\hotspot\src\share\vm\prims\jvm.cpp:1166
Event: 786.995 Thread 0x000000000dacd800 Threw 0x00000007e0a3c660 at C:\jdk7u2_64p\jdk7u21\hotspot\src\share\vm\prims\jvm.cpp:1166
Event: 786.995 Thread 0x000000000dacd800 Threw 0x00000007e0a42a68 at C:\jdk7u2_64p\jdk7u21\hotspot\src\share\vm\prims\jvm.cpp:1166
Event: 786.995 Thread 0x000000000dacd800 Threw 0x00000007e0a42e10 at C:\jdk7u2_64p\jdk7u21\hotspot\src\share\vm\classfile\systemDictionary.cpp:179
Event: 786.995 Thread 0x000000000dacd800 Threw 0x00000007e0a438e8 at C:\jdk7u2_64p\jdk7u21\hotspot\src\share\vm\prims\jvm.cpp:1166
Event: 786.995 Thread 0x000000000dacd800 Threw 0x00000007e0a4a140 at C:\jdk7u2_64p\jdk7u21\hotspot\src\share\vm\prims\jvm.cpp:1166
Event: 786.995 Thread 0x000000000dacd800 Threw 0x00000007e0a4ad00 at C:\jdk7u2_64p\jdk7u21\hotspot\src\share\vm\prims\jvm.cpp:1166
Event: 786.996 Thread 0x000000000dacd800 Threw 0x00000007e0a51558 at C:\jdk7u2_64p\jdk7u21\hotspot\src\share\vm\prims\jvm.cpp:1166
Event: 786.996 Thread 0x000000000dacd800 Threw 0x00000007e0a51900 at C:\jdk7u2_64p\jdk7u21\hotspot\src\share\vm\classfile\systemDictionary.cpp:179

Events (10 events):
Event: 786.995 loading class 0x000000000f80cfe0
Event: 786.995 loading class 0x000000000f80cfe0 done
Event: 786.995 Thread 0x000000000dacd800 DEOPT PACKING pc=0x0000000003158d94 sp=0x000000000eb9a640
Event: 786.995 Thread 0x000000000dacd800 DEOPT UNPACKING pc=0x0000000002928fb9 sp=0x000000000eb9a2a0 mode 1
Event: 786.995 loading class 0x000000000f80cfe0
Event: 786.995 loading class 0x000000000f80cfe0 done
Event: 786.995 Thread 0x000000000dacd800 DEOPT PACKING pc=0x0000000003158d94 sp=0x000000000eb9a690
Event: 786.995 Thread 0x000000000dacd800 DEOPT UNPACKING pc=0x0000000002928fb9 sp=0x000000000eb9a2f0 mode 1
Event: 786.996 loading class 0x000000000f80cfe0
Event: 786.996 loading class 0x000000000f80cfe0 done


Dynamic libraries:
0x00007ff6e5960000 - 0x00007ff6e5993000 	C:\Program Files\Java\jdk1.7.0_21\bin\java.exe
0x00007ffc790d0000 - 0x00007ffc792c5000 	C:\WINDOWS\SYSTEM32\ntdll.dll
0x00007ffc78480000 - 0x00007ffc7853e000 	C:\WINDOWS\System32\KERNEL32.DLL
0x00007ffc76d20000 - 0x00007ffc76fe8000 	C:\WINDOWS\System32\KERNELBASE.dll
0x00007ffc78a70000 - 0x00007ffc78b1e000 	C:\WINDOWS\System32\ADVAPI32.dll
0x00007ffc77ee0000 - 0x00007ffc77f7e000 	C:\WINDOWS\System32\msvcrt.dll
0x00007ffc78c50000 - 0x00007ffc78cec000 	C:\WINDOWS\System32\sechost.dll
0x00007ffc78b20000 - 0x00007ffc78c45000 	C:\WINDOWS\System32\RPCRT4.dll
0x00007ffc780a0000 - 0x00007ffc78240000 	C:\WINDOWS\System32\USER32.dll
0x00007ffc77100000 - 0x00007ffc77122000 	C:\WINDOWS\System32\win32u.dll
0x00007ffc78960000 - 0x00007ffc7898b000 	C:\WINDOWS\System32\GDI32.dll
0x00007ffc76ff0000 - 0x00007ffc770fb000 	C:\WINDOWS\System32\gdi32full.dll
0x00007ffc767f0000 - 0x00007ffc7688d000 	C:\WINDOWS\System32\msvcp_win.dll
0x00007ffc76b10000 - 0x00007ffc76c10000 	C:\WINDOWS\System32\ucrtbase.dll
0x00007ffc65fc0000 - 0x00007ffc6625a000 	C:\WINDOWS\WinSxS\amd64_microsoft.windows.common-controls_6595b64144ccf1df_6.0.19041.1110_none_60b5254171f9507e\COMCTL32.dll
0x00007ffc77290000 - 0x00007ffc772c0000 	C:\WINDOWS\System32\IMM32.DLL
0x0000000067f80000 - 0x0000000068051000 	C:\Program Files\Java\jdk1.7.0_21\jre\bin\msvcr100.dll
0x0000000066b10000 - 0x0000000067231000 	C:\Program Files\Java\jdk1.7.0_21\jre\bin\server\jvm.dll
0x00007ffc78ee0000 - 0x00007ffc78ee8000 	C:\WINDOWS\System32\PSAPI.DLL
0x00007ffc6fb30000 - 0x00007ffc6fb39000 	C:\WINDOWS\SYSTEM32\WSOCK32.dll
0x00007ffc79020000 - 0x00007ffc7908b000 	C:\WINDOWS\System32\WS2_32.dll
0x00007ffc6bed0000 - 0x00007ffc6bef7000 	C:\WINDOWS\SYSTEM32\WINMM.dll
0x0000000067f30000 - 0x0000000067f3f000 	C:\Program Files\Java\jdk1.7.0_21\jre\bin\verify.dll
0x0000000067f00000 - 0x0000000067f28000 	C:\Program Files\Java\jdk1.7.0_21\jre\bin\java.dll
0x0000000067a30000 - 0x0000000067a65000 	C:\Program Files\Java\jdk1.7.0_21\jre\bin\jdwp.dll
0x0000000067a20000 - 0x0000000067a28000 	C:\Program Files\Java\jdk1.7.0_21\jre\bin\npt.dll
0x0000000067ee0000 - 0x0000000067ef5000 	C:\Program Files\Java\jdk1.7.0_21\jre\bin\zip.dll
0x0000000067d80000 - 0x0000000067d8b000 	C:\Program Files\Java\jdk1.7.0_21\jre\bin\dt_shmem.dll
0x00000000664b0000 - 0x0000000066643000 	C:\Program Files\Java\jdk1.7.0_21\jre\bin\awt.dll
0x00007ffc771c0000 - 0x00007ffc7728d000 	C:\WINDOWS\System32\OLEAUT32.dll
0x00007ffc785a0000 - 0x00007ffc788f4000 	C:\WINDOWS\System32\combase.dll
0x00007ffc73620000 - 0x00007ffc736b0000 	C:\WINDOWS\SYSTEM32\apphelp.dll
0x00007ffc74180000 - 0x00007ffc7421e000 	C:\WINDOWS\system32\uxtheme.dll
0x00007ffc77f80000 - 0x00007ffc78096000 	C:\WINDOWS\System32\MSCTF.dll
0x00007ffc78ef0000 - 0x00007ffc7901a000 	C:\WINDOWS\System32\ole32.dll
0x00007ffc74700000 - 0x00007ffc74712000 	C:\WINDOWS\SYSTEM32\kernel.appcore.dll
0x00007ffc76c90000 - 0x00007ffc76d12000 	C:\WINDOWS\System32\bcryptPrimitives.dll
0x00007ffc77790000 - 0x00007ffc77ed4000 	C:\WINDOWS\System32\SHELL32.dll
0x00007ffc78900000 - 0x00007ffc78955000 	C:\WINDOWS\System32\SHLWAPI.dll
0x00007ffc78cf0000 - 0x00007ffc78d9d000 	C:\WINDOWS\System32\shcore.dll
0x00007ffc74520000 - 0x00007ffc7454f000 	C:\WINDOWS\system32\DWMAPI.DLL
0x0000000067e60000 - 0x0000000067e9e000 	C:\Program Files\Java\jdk1.7.0_21\jre\bin\fontmanager.dll
0x0000000067ec0000 - 0x0000000067ed9000 	C:\Program Files\Java\jdk1.7.0_21\jre\bin\net.dll
0x00007ffc75fb0000 - 0x00007ffc7601a000 	C:\WINDOWS\system32\mswsock.dll
0x0000000067ea0000 - 0x0000000067eb1000 	C:\Program Files\Java\jdk1.7.0_21\jre\bin\nio.dll
0x00007ffc6d7f0000 - 0x00007ffc6d8e9000 	C:\WINDOWS\SYSTEM32\textinputframework.dll
0x00007ffc72f30000 - 0x00007ffc7328e000 	C:\WINDOWS\System32\CoreUIComponents.dll
0x00007ffc733e0000 - 0x00007ffc734d2000 	C:\WINDOWS\System32\CoreMessaging.dll
0x00007ffc754f0000 - 0x00007ffc75523000 	C:\WINDOWS\SYSTEM32\ntmarta.dll
0x00007ffc72610000 - 0x00007ffc72764000 	C:\WINDOWS\SYSTEM32\wintypes.dll
0x0000000067e10000 - 0x0000000067e51000 	C:\Program Files\Java\jdk1.7.0_21\jre\bin\t2k.dll
0x00007ffc75ca0000 - 0x00007ffc75d6a000 	C:\WINDOWS\SYSTEM32\DNSAPI.dll
0x00007ffc75c50000 - 0x00007ffc75c8b000 	C:\WINDOWS\SYSTEM32\IPHLPAPI.DLL
0x00007ffc78da0000 - 0x00007ffc78da8000 	C:\WINDOWS\System32\NSI.dll
0x00007ffc671d0000 - 0x00007ffc671da000 	C:\Windows\System32\rasadhlp.dll
0x00007ffc67a60000 - 0x00007ffc67adf000 	C:\WINDOWS\System32\fwpuclnt.dll
0x00007ffc76c10000 - 0x00007ffc76c37000 	C:\WINDOWS\System32\bcrypt.dll
0x00007ffc761a0000 - 0x00007ffc761b8000 	C:\WINDOWS\SYSTEM32\CRYPTSP.dll
0x00007ffc758c0000 - 0x00007ffc758f4000 	C:\WINDOWS\system32\rsaenh.dll
0x00007ffc766f0000 - 0x00007ffc7671e000 	C:\WINDOWS\SYSTEM32\USERENV.dll
0x00007ffc76730000 - 0x00007ffc7674f000 	C:\WINDOWS\SYSTEM32\profapi.dll
0x00007ffc761c0000 - 0x00007ffc761cc000 	C:\WINDOWS\SYSTEM32\CRYPTBASE.dll
0x00007ffc5fb60000 - 0x00007ffc5fb77000 	C:\WINDOWS\system32\napinsp.dll
0x00007ffc5fb10000 - 0x00007ffc5fb2b000 	C:\WINDOWS\system32\pnrpnsp.dll
0x00007ffc5fb30000 - 0x00007ffc5fb45000 	C:\WINDOWS\system32\wshbth.dll
0x00007ffc72820000 - 0x00007ffc7283d000 	C:\WINDOWS\system32\NLAapi.dll
0x00007ffc5fb80000 - 0x00007ffc5fb92000 	C:\WINDOWS\System32\winrnr.dll
0x00007ffc78e30000 - 0x00007ffc78ed9000 	C:\WINDOWS\System32\clbcatq.dll
0x00007ffc74900000 - 0x00007ffc75094000 	C:\WINDOWS\SYSTEM32\windows.storage.dll
0x00007ffc76250000 - 0x00007ffc7627c000 	C:\WINDOWS\SYSTEM32\Wldp.dll
0x00007ffc6d5e0000 - 0x00007ffc6d794000 	C:\WINDOWS\SYSTEM32\WindowsCodecs.dll
0x00007ffc63880000 - 0x00007ffc638be000 	C:\WINDOWS\system32\dataexchange.dll
0x00007ffc71820000 - 0x00007ffc71a84000 	C:\WINDOWS\system32\d3d11.dll
0x00007ffc72840000 - 0x00007ffc72a25000 	C:\WINDOWS\system32\dcomp.dll
0x00007ffc75100000 - 0x00007ffc751f3000 	C:\WINDOWS\system32\dxgi.dll
0x00007ffc705b0000 - 0x00007ffc707b1000 	C:\WINDOWS\system32\twinapi.appcore.dll
0x0000000066ae0000 - 0x0000000066b10000 	C:\Program Files\Java\jdk1.7.0_21\jre\bin\jpeg.dll
0x00007ffc70df0000 - 0x00007ffc70ea0000 	C:\WINDOWS\WinSxS\amd64_microsoft.windows.common-controls_6595b64144ccf1df_5.82.19041.1110_none_792d1c772443f647\comctl32.dll
0x00007ffc71250000 - 0x00007ffc71346000 	C:\WINDOWS\SYSTEM32\PROPSYS.dll
0x00007ffc61aa0000 - 0x00007ffc61abf000 	C:\WINDOWS\SYSTEM32\MPR.dll
0x00007ffc61d60000 - 0x00007ffc61d72000 	C:\WINDOWS\SYSTEM32\cscapi.dll
0x00007ffc75c90000 - 0x00007ffc75c9c000 	C:\WINDOWS\System32\netutils.dll
0x00007ffc70ea0000 - 0x00007ffc70f01000 	C:\Windows\System32\Windows.FileExplorer.Common.dll
0x00007ffc6c850000 - 0x00007ffc6cb01000 	C:\Windows\System32\iertutil.dll
0x00007ffc61290000 - 0x00007ffc613d6000 	C:\Windows\System32\Windows.StateRepositoryPS.dll
0x00007ffc76c40000 - 0x00007ffc76c8e000 	C:\WINDOWS\System32\CFGMGR32.dll
0x00007ffc766b0000 - 0x00007ffc766e2000 	C:\WINDOWS\system32\SspiCli.dll
0x00007ffc6a2c0000 - 0x00007ffc6a2e8000 	C:\WINDOWS\system32\srvcli.dll
0x00007ffc6f290000 - 0x00007ffc6f33c000 	C:\WINDOWS\SYSTEM32\TextShaping.dll
0x00007ffc750b0000 - 0x00007ffc750d3000 	C:\WINDOWS\SYSTEM32\gpapi.dll
0x00007ffc6ae50000 - 0x00007ffc6b0af000 	C:\Windows\System32\msxml6.dll
0x00007ffc63790000 - 0x00007ffc637a1000 	C:\WINDOWS\SYSTEM32\windows.staterepositorycore.dll
0x00007ffc6a6b0000 - 0x00007ffc6ae48000 	C:\Windows\System32\OneCoreUAPCommonProxyStub.dll
0x00007ffc637d0000 - 0x00007ffc63836000 	C:\Windows\System32\thumbcache.dll
0x00007ffc658c0000 - 0x00007ffc658e4000 	C:\WINDOWS\SYSTEM32\edputil.dll
0x00007ffc6b590000 - 0x00007ffc6b5dc000 	C:\Windows\System32\Windows.UI.AppDefaults.dll
0x00007ffc6a2f0000 - 0x00007ffc6a4dc000 	C:\WINDOWS\SYSTEM32\urlmon.dll
0x00007ffc70020000 - 0x00007ffc700bf000 	C:\WINDOWS\SYSTEM32\policymanager.dll
0x00007ffc75950000 - 0x00007ffc759da000 	C:\WINDOWS\SYSTEM32\msvcp110_win.dll
0x00007ffc65890000 - 0x00007ffc658b3000 	C:\Windows\System32\cldapi.dll
0x00007ffc63760000 - 0x00007ffc6376b000 	C:\Windows\System32\FLTLIB.DLL
0x00007ffc65000000 - 0x00007ffc6507d000 	C:\Windows\System32\OneCoreCommonProxyStub.dll
0x00007ffc70fe0000 - 0x00007ffc70feb000 	C:\WINDOWS\System32\drprov.dll
0x00007ffc75560000 - 0x00007ffc755ba000 	C:\WINDOWS\System32\WINSTA.dll
0x00007ffc6cf00000 - 0x00007ffc6cf20000 	C:\WINDOWS\System32\ntlanman.dll
0x00007ffc6c2c0000 - 0x00007ffc6c2de000 	C:\WINDOWS\System32\davclnt.dll
0x00007ffc70c10000 - 0x00007ffc70c1d000 	C:\WINDOWS\System32\DAVHLPR.dll
0x00007ffc759e0000 - 0x00007ffc759f9000 	C:\WINDOWS\System32\wkscli.dll
0x00007ffc76890000 - 0x00007ffc768f8000 	C:\WINDOWS\System32\WINTRUST.dll
0x00007ffc76900000 - 0x00007ffc76a56000 	C:\WINDOWS\System32\CRYPT32.dll
0x00007ffc763d0000 - 0x00007ffc763e2000 	C:\WINDOWS\System32\MSASN1.dll
0x00007ffc78240000 - 0x00007ffc7825d000 	C:\WINDOWS\System32\imagehlp.dll
0x00007ffc627c0000 - 0x00007ffc629a4000 	C:\WINDOWS\SYSTEM32\dbghelp.dll

VM Arguments:
jvm_args: -Xdebug -Xrunjdwp:transport=dt_shmem,address=javadebug -Dfile.encoding=UTF-8 
java_command: Presentacion.MENU000
Launcher Type: SUN_STANDARD

Environment Variables:
JAVA_HOME=C:\Program Files\Java\jdk1.7.0_21
PATH=C:\Program Files (x86)\Intel\Intel(R) Management Engine Components\iCLS\;C:\Program Files\Intel\Intel(R) Management Engine Components\iCLS\;C:\WINDOWS\system32;C:\WINDOWS;C:\WINDOWS\System32\Wbem;C:\WINDOWS\System32\WindowsPowerShell\v1.0\;C:\WINDOWS\System32\OpenSSH\;C:\Program Files (x86)\EasyFrom;C:\Program Files\Java\jdk1.7.0_21\bin;C:\Program Files (x86)\Common Files\Ulead Systems\MPEG;C:\apache-maven-3.2.1\bin;C:\Program Files (x86)\Intel\Intel(R) Management Engine Components\DAL;C:\Program Files\Intel\Intel(R) Management Engine Components\DAL;C:\Program Files (x86)\Intel\Intel(R) Management Engine Components\IPT;C:\Program Files\Intel\Intel(R) Management Engine Components\IPT;C:\Users\JAVIER SALAS\AppData\Local\Microsoft\WindowsApps;C:\apache-maven-3.2.1\bin;
USERNAME=JAVIER SALAS
OS=Windows_NT
PROCESSOR_IDENTIFIER=Intel64 Family 6 Model 69 Stepping 1, GenuineIntel



---------------  S Y S T E M  ---------------

OS: Windows 8 , 64 bit Build 9200 

CPU:total 4 (2 cores per cpu, 2 threads per core) family 6 model 69 stepping 1, cmov, cx8, fxsr, mmx, sse, sse2, sse3, ssse3, sse4.1, sse4.2, popcnt, avx, avx2, ht, tsc, tscinvbit

Memory: 4k page, physical 8315244k(3024456k free), swap 9625964k(2667904k free)

vm_info: Java HotSpot(TM) 64-Bit Server VM (23.21-b01) for windows-amd64 JRE (1.7.0_21-b11), built on Apr  4 2013 08:11:28 by "java_re" with unknown MS VC++:1600

time: Wed Apr 06 17:58:17 2022
elapsed time: 787 seconds

