#
# A fatal error has been detected by the Java Runtime Environment:
#
#  EXCEPTION_ACCESS_VIOLATION (0xc0000005) at pc=0x0000000067e72404, pid=13980, tid=7576
#
# JRE version: 7.0_21-b11
# Java VM: Java HotSpot(TM) 64-Bit Server VM (23.21-b01 mixed mode windows-amd64 compressed oops)
# Problematic frame:
# C  [fontmanager.dll+0x12404]  Java_sun_font_FileFontStrike__1getGlyphImageFromWindows+0xe838
#
# Failed to write core dump. Minidumps are not enabled by default on client versions of Windows
#
# If you would like to submit a bug report, please visit:
#   http://bugreport.sun.com/bugreport/crash.jsp
# The crash happened outside the Java Virtual Machine in native code.
# See problematic frame for where to report the bug.
#

---------------  T H R E A D  ---------------

Current thread (0x000000000dd90000):  JavaThread "AWT-EventQueue-0" [_thread_in_native, id=7576, stack(0x000000000ee20000,0x000000000ef20000)]

siginfo: ExceptionCode=0xc0000005, reading address 0x000000001036fa41

Registers:
RAX=0x000000000ef1b530, RBX=0x0000000000000039, RCX=0x000000001036fa41, RDX=0x00000000ffffffff
RSP=0x000000000ef1b4b0, RBP=0x0000000000000039, RSI=0x000000000ef1bd60, RDI=0x000000001036fa41
R8 =0x0000000000000000, R9 =0x000000000ef1bd60, R10=0x0000000000000000, R11=0x0000000000000008
R12=0x000000001035fabe, R13=0x000000000ef1b710, R14=0x0000000000000001, R15=0x000000000ef1bd48
RIP=0x0000000067e72404, EFLAGS=0x0000000000010246

Top of Stack: (sp=0x000000000ef1b4b0)
0x000000000ef1b4b0:   000000000ef1b538 0000000000000000
0x000000000ef1b4c0:   0000000000000000 0000000010281db0
0x000000000ef1b4d0:   000000000ef1b960 0000000067e72573
0x000000000ef1b4e0:   0000000000000039 000000000ef1b5e0
0x000000000ef1b4f0:   000000000ef1bd60 000000000ef1b4e8
0x000000000ef1b500:   000000000ef1b530 000000000ef1b560
0x000000000ef1b510:   000000077c863cb8 0000000000000039
0x000000000ef1b520:   000000077c861d18 0000000000000000
0x000000000ef1b530:   000000000ef1b548 000000000ef1bd60
0x000000000ef1b540:   0000000047504f53 000000000ef1b710
0x000000000ef1b550:   000000001035fabe 000000000000e7f4
0x000000000ef1b560:   000000000ef1b550 000000077c85c20a
0x000000000ef1b570:   0000000000000000 0000000000000000
0x000000000ef1b580:   0000000080000000 0000000002c194aa
0x000000000ef1b590:   000000077bed9570 00000000ef899418
0x000000000ef1b5a0:   000000000ef1b620 0000000002c063b5 

Instructions: (pc=0x0000000067e72404)
0x0000000067e723e4:   08 48 89 6c 24 10 48 89 74 24 18 57 48 83 ec 20
0x0000000067e723f4:   8b ea 83 ca ff 49 8b f1 48 8b f9 45 85 c0 78 6b
0x0000000067e72404:   44 0f b7 19 41 0f b7 c3 66 41 c1 e3 08 66 c1 e8
0x0000000067e72414:   08 44 0f b6 d0 41 0f b7 c3 44 0b d0 45 3b c2 7d 


Register to memory mapping:

RAX=0x000000000ef1b530 is pointing into the stack for thread: 0x000000000dd90000
RBX=0x0000000000000039 is an unknown value
RCX=0x000000001036fa41 is an unknown value
RDX=0x00000000ffffffff is an unknown value
RSP=0x000000000ef1b4b0 is pointing into the stack for thread: 0x000000000dd90000
RBP=0x0000000000000039 is an unknown value
RSI=0x000000000ef1bd60 is pointing into the stack for thread: 0x000000000dd90000
RDI=0x000000001036fa41 is an unknown value
R8 =0x0000000000000000 is an unknown value
R9 =0x000000000ef1bd60 is pointing into the stack for thread: 0x000000000dd90000
R10=0x0000000000000000 is an unknown value
R11=0x0000000000000008 is an unknown value
R12=0x000000001035fabe is an unknown value
R13=0x000000000ef1b710 is pointing into the stack for thread: 0x000000000dd90000
R14=0x0000000000000001 is an unknown value
R15=0x000000000ef1bd48 is pointing into the stack for thread: 0x000000000dd90000


Stack: [0x000000000ee20000,0x000000000ef20000],  sp=0x000000000ef1b4b0,  free space=1005k
Native frames: (J=compiled Java code, j=interpreted, Vv=VM code, C=native code)
C  [fontmanager.dll+0x12404]  Java_sun_font_FileFontStrike__1getGlyphImageFromWindows+0xe838

Java frames: (J=compiled Java code, j=interpreted, Vv=VM code)
j  sun.font.SunLayoutEngine.nativeLayout(Lsun/font/Font2D;Lsun/font/FontStrike;[FII[CIIIIIIILjava/awt/geom/Point2D$Float;Lsun/font/GlyphLayout$GVData;JJ)V+0
j  sun.font.SunLayoutEngine.layout(Lsun/font/FontStrikeDesc;[FIILsun/font/TextRecord;ILjava/awt/geom/Point2D$Float;Lsun/font/GlyphLayout$GVData;)V+98
j  sun.font.GlyphLayout$EngineRecord.layout()V+95
j  sun.font.GlyphLayout.layout(Ljava/awt/Font;Ljava/awt/font/FontRenderContext;[CIIILsun/font/StandardGlyphVector;)Lsun/font/StandardGlyphVector;+541
j  sun.font.ExtendedTextSourceLabel.createGV()Lsun/font/StandardGlyphVector;+63
j  sun.font.ExtendedTextSourceLabel.getGV()Lsun/font/StandardGlyphVector;+9
j  sun.font.ExtendedTextSourceLabel.createCharinfo()[F+1
j  sun.font.ExtendedTextSourceLabel.getCharinfo()[F+9
j  sun.font.ExtendedTextSourceLabel.getLineBreakIndex(IF)I+1
j  java.awt.font.TextMeasurer.calcLineBreak(IF)I+96
j  java.awt.font.TextMeasurer.getLineBreakIndex(IF)I+38
j  java.awt.font.LineBreakMeasurer.nextOffset(FIZ)I+44
j  net.sf.jasperreports.engine.fill.SimpleTextLineWrapper.measureExactLineBreakIndex(FIZ)I+110
j  net.sf.jasperreports.engine.fill.SimpleTextLineWrapper.measureExactLine(FIZ)Lnet/sf/jasperreports/engine/fill/TextLine;+4
j  net.sf.jasperreports.engine.fill.SimpleTextLineWrapper.nextLine(FIZ)Lnet/sf/jasperreports/engine/fill/TextLine;+88
j  net.sf.jasperreports.engine.fill.TextMeasurer.renderNextLine(Lnet/sf/jasperreports/engine/fill/TextLineWrapper;Ljava/util/List;[I[Lnet/sf/jasperreports/engine/TabStop;[Z)Z+253
j  net.sf.jasperreports.engine.fill.TextMeasurer.renderParagraph(Lnet/sf/jasperreports/engine/fill/TextLineWrapper;ILjava/lang/String;)Z+120
j  net.sf.jasperreports.engine.fill.TextMeasurer.measure(Lnet/sf/jasperreports/engine/util/JRStyledText;IIZ)Lnet/sf/jasperreports/engine/fill/JRMeasuredText;+193
j  net.sf.jasperreports.engine.fill.JRFillTextElement.chopTextElement(I)V+45
j  net.sf.jasperreports.engine.fill.JRFillStaticText.prepare(IZ)Z+190
j  net.sf.jasperreports.engine.fill.JRFillElementContainer.prepareElements(IZ)V+94
j  net.sf.jasperreports.engine.fill.JRFillBand.fill(IZ)Lnet/sf/jasperreports/engine/fill/JRPrintBand;+55
j  net.sf.jasperreports.engine.fill.JRFillBand.fill(I)Lnet/sf/jasperreports/engine/fill/JRPrintBand;+3
j  net.sf.jasperreports.engine.fill.JRVerticalFiller.fillTitle()V+139
j  net.sf.jasperreports.engine.fill.JRVerticalFiller.fillReportStart()V+60
j  net.sf.jasperreports.engine.fill.JRVerticalFiller.fillReport()V+13
j  net.sf.jasperreports.engine.fill.JRBaseFiller.fill(Ljava/util/Map;)Lnet/sf/jasperreports/engine/JasperPrint;+303
j  net.sf.jasperreports.engine.fill.JRBaseFiller.fill(Ljava/util/Map;Lnet/sf/jasperreports/engine/JRDataSource;)Lnet/sf/jasperreports/engine/JasperPrint;+20
j  net.sf.jasperreports.engine.fill.JRFiller.fill(Lnet/sf/jasperreports/engine/JasperReportsContext;Lnet/sf/jasperreports/engine/JasperReport;Ljava/util/Map;Lnet/sf/jasperreports/engine/JRDataSource;)Lnet/sf/jasperreports/engine/JasperPrint;+14
j  net.sf.jasperreports.engine.JasperFillManager.fill(Lnet/sf/jasperreports/engine/JasperReport;Ljava/util/Map;Lnet/sf/jasperreports/engine/JRDataSource;)Lnet/sf/jasperreports/engine/JasperPrint;+7
j  net.sf.jasperreports.engine.JasperFillManager.fillReport(Lnet/sf/jasperreports/engine/JasperReport;Ljava/util/Map;Lnet/sf/jasperreports/engine/JRDataSource;)Lnet/sf/jasperreports/engine/JasperPrint;+6
j  Presentacion.Importaciones.IU_Valorizacion.convertValorizacionToPDF()V+503
j  Presentacion.Importaciones.IU_Valorizacion.preparandoValorizacion(Ljavax/swing/JOptionPane;LEntidades/Cabecsugerido;)V+460
j  Presentacion.Importaciones.IU_Valorizacion.btnImprimirActionPerformed(Ljava/awt/event/ActionEvent;)V+237
j  Presentacion.Importaciones.IU_Valorizacion.access$1000(LPresentacion/Importaciones/IU_Valorizacion;Ljava/awt/event/ActionEvent;)V+2
j  Presentacion.Importaciones.IU_Valorizacion$10.actionPerformed(Ljava/awt/event/ActionEvent;)V+5
j  javax.swing.AbstractButton.fireActionPerformed(Ljava/awt/event/ActionEvent;)V+84
j  javax.swing.AbstractButton$Handler.actionPerformed(Ljava/awt/event/ActionEvent;)V+5
j  javax.swing.DefaultButtonModel.fireActionPerformed(Ljava/awt/event/ActionEvent;)V+35
j  javax.swing.DefaultButtonModel.setPressed(Z)V+117
j  javax.swing.plaf.basic.BasicButtonListener.mouseReleased(Ljava/awt/event/MouseEvent;)V+35
j  java.awt.Component.processMouseEvent(Ljava/awt/event/MouseEvent;)V+64
j  javax.swing.JComponent.processMouseEvent(Ljava/awt/event/MouseEvent;)V+23
j  java.awt.Component.processEvent(Ljava/awt/AWTEvent;)V+81
j  java.awt.Container.processEvent(Ljava/awt/AWTEvent;)V+18
j  java.awt.Component.dispatchEventImpl(Ljava/awt/AWTEvent;)V+581
j  java.awt.Container.dispatchEventImpl(Ljava/awt/AWTEvent;)V+42
J  java.awt.LightweightDispatcher.retargetMouseEvent(Ljava/awt/Component;ILjava/awt/event/MouseEvent;)V
j  java.awt.LightweightDispatcher.processMouseEvent(Ljava/awt/event/MouseEvent;)Z+139
j  java.awt.LightweightDispatcher.dispatchEvent(Ljava/awt/AWTEvent;)Z+50
j  java.awt.Container.dispatchEventImpl(Ljava/awt/AWTEvent;)V+12
j  java.awt.Window.dispatchEventImpl(Ljava/awt/AWTEvent;)V+19
J  java.awt.Component.dispatchEvent(Ljava/awt/AWTEvent;)V
j  java.awt.EventQueue.dispatchEventImpl(Ljava/awt/AWTEvent;Ljava/lang/Object;)V+41
j  java.awt.EventQueue.access$200(Ljava/awt/EventQueue;Ljava/awt/AWTEvent;Ljava/lang/Object;)V+3
j  java.awt.EventQueue$3.run()Ljava/lang/Void;+12
j  java.awt.EventQueue$3.run()Ljava/lang/Object;+1
v  ~StubRoutines::call_stub
j  java.security.AccessController.doPrivileged(Ljava/security/PrivilegedAction;Ljava/security/AccessControlContext;)Ljava/lang/Object;+0
J  java.security.ProtectionDomain$1.doIntersectionPrivilege(Ljava/security/PrivilegedAction;Ljava/security/AccessControlContext;Ljava/security/AccessControlContext;)Ljava/lang/Object;
j  java.security.ProtectionDomain$1.doIntersectionPrivilege(Ljava/security/PrivilegedAction;Ljava/security/AccessControlContext;)Ljava/lang/Object;+6
j  java.awt.EventQueue$4.run()Ljava/lang/Void;+11
j  java.awt.EventQueue$4.run()Ljava/lang/Object;+1
v  ~StubRoutines::call_stub
j  java.security.AccessController.doPrivileged(Ljava/security/PrivilegedAction;Ljava/security/AccessControlContext;)Ljava/lang/Object;+0
J  java.awt.EventDispatchThread.pumpOneEventForFilters(I)V
j  java.awt.EventDispatchThread.pumpEventsForFilter(ILjava/awt/Conditional;Ljava/awt/EventFilter;)V+35
j  java.awt.EventDispatchThread.pumpEventsForHierarchy(ILjava/awt/Conditional;Ljava/awt/Component;)V+11
j  java.awt.EventDispatchThread.pumpEvents(ILjava/awt/Conditional;)V+4
j  java.awt.EventDispatchThread.pumpEvents(Ljava/awt/Conditional;)V+3
j  java.awt.EventDispatchThread.run()V+9
v  ~StubRoutines::call_stub

---------------  P R O C E S S  ---------------

Java Threads: ( => current thread )
  0x0000000010323800 JavaThread "Thread-3" [_thread_blocked, id=11404, stack(0x0000000012ca0000,0x0000000012da0000)]
  0x000000000f94f800 JavaThread "Thread-2" [_thread_blocked, id=14904, stack(0x0000000012ba0000,0x0000000012ca0000)]
  0x00000000105e3800 JavaThread "TimerQueue" daemon [_thread_blocked, id=14728, stack(0x0000000011f00000,0x0000000012000000)]
  0x000000000fcba800 JavaThread "Abandoned connection cleanup thread" daemon [_thread_blocked, id=9124, stack(0x00000000111c0000,0x00000000112c0000)]
  0x000000000dd9d000 JavaThread "org.netbeans.modules.debugger.jpda.visual AWT Access Loop" daemon [_thread_blocked, id=6456, stack(0x000000000ef20000,0x000000000f020000)]
  0x0000000002b03800 JavaThread "DestroyJavaVM" [_thread_blocked, id=13160, stack(0x0000000002a00000,0x0000000002b00000)]
=>0x000000000dd90000 JavaThread "AWT-EventQueue-0" [_thread_in_native, id=7576, stack(0x000000000ee20000,0x000000000ef20000)]
  0x000000000d909000 JavaThread "AWT-Windows" daemon [_thread_in_native, id=7124, stack(0x000000000e7b0000,0x000000000e8b0000)]
  0x000000000d907800 JavaThread "AWT-Shutdown" [_thread_blocked, id=7332, stack(0x000000000e6b0000,0x000000000e7b0000)]
  0x000000000d907000 JavaThread "Java2D Disposer" daemon [_thread_blocked, id=13964, stack(0x000000000e5b0000,0x000000000e6b0000)]
  0x000000000bbb8000 JavaThread "Service Thread" daemon [_thread_blocked, id=8100, stack(0x000000000d640000,0x000000000d740000)]
  0x000000000bbb5800 JavaThread "C2 CompilerThread1" daemon [_thread_blocked, id=13144, stack(0x000000000d540000,0x000000000d640000)]
  0x000000000bba6000 JavaThread "C2 CompilerThread0" daemon [_thread_blocked, id=12472, stack(0x000000000d440000,0x000000000d540000)]
  0x000000000bb96000 JavaThread "JDWP Command Reader" daemon [_thread_in_native, id=8280, stack(0x000000000d340000,0x000000000d440000)]
  0x000000000bb93000 JavaThread "JDWP Event Helper Thread" daemon [_thread_blocked, id=13740, stack(0x000000000d240000,0x000000000d340000)]
  0x000000000bb86000 JavaThread "JDWP Transport Listener: dt_shmem" daemon [_thread_blocked, id=7536, stack(0x000000000d140000,0x000000000d240000)]
  0x000000000bb81000 JavaThread "Attach Listener" daemon [_thread_blocked, id=13988, stack(0x000000000d040000,0x000000000d140000)]
  0x000000000bb7e000 JavaThread "Signal Dispatcher" daemon [_thread_blocked, id=3776, stack(0x000000000cf40000,0x000000000d040000)]
  0x000000000bb16000 JavaThread "Finalizer" daemon [_thread_blocked, id=5980, stack(0x000000000ce40000,0x000000000cf40000)]
  0x000000000bb12800 JavaThread "Reference Handler" daemon [_thread_blocked, id=12340, stack(0x000000000cd40000,0x000000000ce40000)]

Other Threads:
  0x000000000bb0a000 VMThread [stack: 0x000000000cc40000,0x000000000cd40000] [id=6956]
  0x000000000d74c800 WatcherThread [stack: 0x000000000db40000,0x000000000dc40000] [id=9164]

VM state:not at safepoint (normal execution)

VM Mutex/Monitor currently owned by a thread: None

Heap
 PSYoungGen      total 327488K, used 285793K [0x00000007d5ab0000, 0x00000007f8150000, 0x0000000800000000)
  eden space 310912K, 91% used [0x00000007d5ab0000,0x00000007e71c84b8,0x00000007e8a50000)
  from space 16576K, 0% used [0x00000007f7120000,0x00000007f7120000,0x00000007f8150000)
  to   space 26816K, 0% used [0x00000007f4cf0000,0x00000007f4cf0000,0x00000007f6720000)
 ParOldGen       total 92800K, used 42335K [0x0000000781000000, 0x0000000786aa0000, 0x00000007d5ab0000)
  object space 92800K, 45% used [0x0000000781000000,0x0000000783957f00,0x0000000786aa0000)
 PSPermGen       total 45824K, used 45783K [0x000000077be00000, 0x000000077eac0000, 0x0000000781000000)
  object space 45824K, 99% used [0x000000077be00000,0x000000077eab5cf8,0x000000077eac0000)

Card table byte_map: [0x0000000005cc0000,0x00000000060f0000] byte_map_base: 0x00000000020e1000

Polling page: 0x0000000001140000

Code Cache  [0x0000000002c00000, 0x00000000032d0000, 0x0000000005c00000)
 total_blobs=2546 nmethods=1891 adapters=611 free_code_cache=42381Kb largest_free_block=43239232

Compilation events (10 events):
Event: 283.003 Thread 0x000000000bbb5800 2102             groovyjarjarasm.asm.ByteVector::putShort (52 bytes)
Event: 283.005 Thread 0x000000000bbb5800 nmethod 2102 0x0000000002df1e90 code [0x0000000002df1fe0, 0x0000000002df21a8]
Event: 283.009 Thread 0x000000000bba6000 2103             groovyjarjarasm.asm.ByteVector::putByte (39 bytes)
Event: 283.011 Thread 0x000000000bba6000 nmethod 2103 0x0000000002df1a50 code [0x0000000002df1ba0, 0x0000000002df1d28]
Event: 283.015 Thread 0x000000000bbb5800 2104             groovyjarjarasm.asm.MethodWriter::visitMaxs (146 bytes)
Event: 283.016 Thread 0x000000000bba6000 2105             groovyjarjarasm.asm.ByteVector::b (64 bytes)
Event: 283.018 Thread 0x000000000bba6000 nmethod 2105 0x0000000003141a10 code [0x0000000003141b60, 0x0000000003141d88]
Event: 283.018 Thread 0x000000000bba6000 2106             groovyjarjarasm.asm.MethodWriter::a (151 bytes)
Event: 283.019 Thread 0x000000000bbb5800 nmethod 2104 0x00000000031415d0 code [0x0000000003141720, 0x00000000031418d8]
Event: 283.026 Thread 0x000000000bba6000 nmethod 2106 0x0000000002fbb250 code [0x0000000002fbb3c0, 0x0000000002fbb938]

GC Heap History (10 events):
Event: 20.261 GC heap before
{Heap before GC invocations=11 (full 0):
 PSYoungGen      total 218240K, used 211673K [0x00000007d5ab0000, 0x00000007e39d0000, 0x0000000800000000)
  eden space 208128K, 100% used [0x00000007d5ab0000,0x00000007e25f0000,0x00000007e25f0000)
  from space 10112K, 35% used [0x00000007e2ff0000,0x00000007e3366790,0x00000007e39d0000)
  to   space 10176K, 0% used [0x00000007e25f0000,0x00000007e25f0000,0x00000007e2fe0000)
 ParOldGen       total 86656K, used 15408K [0x0000000781000000, 0x00000007864a0000, 0x00000007d5ab0000)
  object space 86656K, 17% used [0x0000000781000000,0x0000000781f0c1a0,0x00000007864a0000)
 PSPermGen       total 30464K, used 30285K [0x000000077be00000, 0x000000077dbc0000, 0x0000000781000000)
  object space 30464K, 99% used [0x000000077be00000,0x000000077db936e8,0x000000077dbc0000)
Event: 20.272 GC heap after
Heap after GC invocations=11 (full 0):
 PSYoungGen      total 218304K, used 5467K [0x00000007d5ab0000, 0x00000007eb310000, 0x0000000800000000)
  eden space 208128K, 0% used [0x00000007d5ab0000,0x00000007d5ab0000,0x00000007e25f0000)
  from space 10176K, 53% used [0x00000007e25f0000,0x00000007e2b46c20,0x00000007e2fe0000)
  to   space 9792K, 0% used [0x00000007ea980000,0x00000007ea980000,0x00000007eb310000)
 ParOldGen       total 86656K, used 18699K [0x0000000781000000, 0x00000007864a0000, 0x00000007d5ab0000)
  object space 86656K, 21% used [0x0000000781000000,0x0000000782242c48,0x00000007864a0000)
 PSPermGen       total 30464K, used 30285K [0x000000077be00000, 0x000000077dbc0000, 0x0000000781000000)
  object space 30464K, 99% used [0x000000077be00000,0x000000077db936e8,0x000000077dbc0000)
}
Event: 71.278 GC heap before
{Heap before GC invocations=12 (full 0):
 PSYoungGen      total 218304K, used 213595K [0x00000007d5ab0000, 0x00000007eb310000, 0x0000000800000000)
  eden space 208128K, 100% used [0x00000007d5ab0000,0x00000007e25f0000,0x00000007e25f0000)
  from space 10176K, 53% used [0x00000007e25f0000,0x00000007e2b46c20,0x00000007e2fe0000)
  to   space 9792K, 0% used [0x00000007ea980000,0x00000007ea980000,0x00000007eb310000)
 ParOldGen       total 86656K, used 18699K [0x0000000781000000, 0x00000007864a0000, 0x00000007d5ab0000)
  object space 86656K, 21% used [0x0000000781000000,0x0000000782242c48,0x00000007864a0000)
 PSPermGen       total 32192K, used 32025K [0x000000077be00000, 0x000000077dd70000, 0x0000000781000000)
  object space 32192K, 99% used [0x000000077be00000,0x000000077dd46510,0x000000077dd70000)
Event: 71.299 GC heap after
Heap after GC invocations=12 (full 0):
 PSYoungGen      total 335488K, used 9760K [0x00000007d5ab0000, 0x00000007ec170000, 0x0000000800000000)
  eden space 325696K, 0% used [0x00000007d5ab0000,0x00000007d5ab0000,0x00000007e98c0000)
  from space 9792K, 99% used [0x00000007ea980000,0x00000007eb308020,0x00000007eb310000)
  to   space 17152K, 0% used [0x00000007e98c0000,0x00000007e98c0000,0x00000007ea980000)
 ParOldGen       total 86656K, used 35649K [0x0000000781000000, 0x00000007864a0000, 0x00000007d5ab0000)
  object space 86656K, 41% used [0x0000000781000000,0x00000007832d05d0,0x00000007864a0000)
 PSPermGen       total 32192K, used 32025K [0x000000077be00000, 0x000000077dd70000, 0x0000000781000000)
  object space 32192K, 99% used [0x000000077be00000,0x000000077dd46510,0x000000077dd70000)
}
Event: 127.074 GC heap before
{Heap before GC invocations=13 (full 0):
 PSYoungGen      total 335488K, used 335456K [0x00000007d5ab0000, 0x00000007ec170000, 0x0000000800000000)
  eden space 325696K, 100% used [0x00000007d5ab0000,0x00000007e98c0000,0x00000007e98c0000)
  from space 9792K, 99% used [0x00000007ea980000,0x00000007eb308020,0x00000007eb310000)
  to   space 17152K, 0% used [0x00000007e98c0000,0x00000007e98c0000,0x00000007ea980000)
 ParOldGen       total 86656K, used 35649K [0x0000000781000000, 0x00000007864a0000, 0x00000007d5ab0000)
  object space 86656K, 41% used [0x0000000781000000,0x00000007832d05d0,0x00000007864a0000)
 PSPermGen       total 32768K, used 32703K [0x000000077be00000, 0x000000077de00000, 0x0000000781000000)
  object space 32768K, 99% used [0x000000077be00000,0x000000077ddefd08,0x000000077de00000)
Event: 127.106 GC heap after
Heap after GC invocations=13 (full 0):
 PSYoungGen      total 342848K, used 17134K [0x00000007d5ab0000, 0x00000007f8aa0000, 0x0000000800000000)
  eden space 325696K, 0% used [0x00000007d5ab0000,0x00000007d5ab0000,0x00000007e98c0000)
  from space 17152K, 99% used [0x00000007e98c0000,0x00000007ea97b828,0x00000007ea980000)
  to   space 26112K, 0% used [0x00000007f7120000,0x00000007f7120000,0x00000007f8aa0000)
 ParOldGen       total 86656K, used 53043K [0x0000000781000000, 0x00000007864a0000, 0x00000007d5ab0000)
  object space 86656K, 61% used [0x0000000781000000,0x00000007843ccd38,0x00000007864a0000)
 PSPermGen       total 32768K, used 32703K [0x000000077be00000, 0x000000077de00000, 0x0000000781000000)
  object space 32768K, 99% used [0x000000077be00000,0x000000077ddefd08,0x000000077de00000)
}
Event: 192.846 GC heap before
{Heap before GC invocations=14 (full 0):
 PSYoungGen      total 342848K, used 342830K [0x00000007d5ab0000, 0x00000007f8aa0000, 0x0000000800000000)
  eden space 325696K, 100% used [0x00000007d5ab0000,0x00000007e98c0000,0x00000007e98c0000)
  from space 17152K, 99% used [0x00000007e98c0000,0x00000007ea97b828,0x00000007ea980000)
  to   space 26112K, 0% used [0x00000007f7120000,0x00000007f7120000,0x00000007f8aa0000)
 ParOldGen       total 86656K, used 53043K [0x0000000781000000, 0x00000007864a0000, 0x00000007d5ab0000)
  object space 86656K, 61% used [0x0000000781000000,0x00000007843ccd38,0x00000007864a0000)
 PSPermGen       total 45632K, used 45488K [0x000000077be00000, 0x000000077ea90000, 0x0000000781000000)
  object space 45632K, 99% used [0x000000077be00000,0x000000077ea6c3d0,0x000000077ea90000)
Event: 192.880 GC heap after
Heap after GC invocations=14 (full 0):
 PSYoungGen      total 327488K, used 16550K [0x00000007d5ab0000, 0x00000007f8150000, 0x0000000800000000)
  eden space 310912K, 0% used [0x00000007d5ab0000,0x00000007d5ab0000,0x00000007e8a50000)
  from space 16576K, 99% used [0x00000007f7120000,0x00000007f8149b68,0x00000007f8150000)
  to   space 26816K, 0% used [0x00000007f4cf0000,0x00000007f4cf0000,0x00000007f6720000)
 ParOldGen       total 86656K, used 70089K [0x0000000781000000, 0x00000007864a0000, 0x00000007d5ab0000)
  object space 86656K, 80% used [0x0000000781000000,0x0000000785472448,0x00000007864a0000)
 PSPermGen       total 45632K, used 45488K [0x000000077be00000, 0x000000077ea90000, 0x0000000781000000)
  object space 45632K, 99% used [0x000000077be00000,0x000000077ea6c3d0,0x000000077ea90000)
}
Event: 192.880 GC heap before
{Heap before GC invocations=15 (full 1):
 PSYoungGen      total 327488K, used 16550K [0x00000007d5ab0000, 0x00000007f8150000, 0x0000000800000000)
  eden space 310912K, 0% used [0x00000007d5ab0000,0x00000007d5ab0000,0x00000007e8a50000)
  from space 16576K, 99% used [0x00000007f7120000,0x00000007f8149b68,0x00000007f8150000)
  to   space 26816K, 0% used [0x00000007f4cf0000,0x00000007f4cf0000,0x00000007f6720000)
 ParOldGen       total 86656K, used 70089K [0x0000000781000000, 0x00000007864a0000, 0x00000007d5ab0000)
  object space 86656K, 80% used [0x0000000781000000,0x0000000785472448,0x00000007864a0000)
 PSPermGen       total 45632K, used 45488K [0x000000077be00000, 0x000000077ea90000, 0x0000000781000000)
  object space 45632K, 99% used [0x000000077be00000,0x000000077ea6c3d0,0x000000077ea90000)
Event: 193.151 GC heap after
Heap after GC invocations=15 (full 1):
 PSYoungGen      total 327488K, used 0K [0x00000007d5ab0000, 0x00000007f8150000, 0x0000000800000000)
  eden space 310912K, 0% used [0x00000007d5ab0000,0x00000007d5ab0000,0x00000007e8a50000)
  from space 16576K, 0% used [0x00000007f7120000,0x00000007f7120000,0x00000007f8150000)
  to   space 26816K, 0% used [0x00000007f4cf0000,0x00000007f4cf0000,0x00000007f6720000)
 ParOldGen       total 92800K, used 42335K [0x0000000781000000, 0x0000000786aa0000, 0x00000007d5ab0000)
  object space 92800K, 45% used [0x0000000781000000,0x0000000783957f00,0x0000000786aa0000)
 PSPermGen       total 45632K, used 45459K [0x000000077be00000, 0x000000077ea90000, 0x0000000781000000)
  object space 45632K, 99% used [0x000000077be00000,0x000000077ea64da0,0x000000077ea90000)
}

Deoptimization events (10 events):
Event: 282.956 Thread 0x000000000dd90000 Uncommon trap -89 fr.pc 0x0000000002d7ec68
Event: 282.956 Thread 0x000000000dd90000 Uncommon trap -89 fr.pc 0x0000000002d7ec68
Event: 282.956 Thread 0x000000000dd90000 Uncommon trap -89 fr.pc 0x0000000002d7ec68
Event: 282.956 Thread 0x000000000dd90000 Uncommon trap -89 fr.pc 0x0000000002d7ec68
Event: 282.956 Thread 0x000000000dd90000 Uncommon trap -89 fr.pc 0x0000000002d7ec68
Event: 282.957 Thread 0x000000000dd90000 Uncommon trap -89 fr.pc 0x0000000002d7ec68
Event: 282.957 Thread 0x000000000dd90000 Uncommon trap -89 fr.pc 0x0000000002d7ec68
Event: 282.957 Thread 0x000000000dd90000 Uncommon trap -89 fr.pc 0x0000000002d7ec68
Event: 282.957 Thread 0x000000000dd90000 Uncommon trap -89 fr.pc 0x0000000002d7ec68
Event: 283.063 Thread 0x000000000dd90000 Uncommon trap -42 fr.pc 0x0000000002e8c9d4

Internal exceptions (10 events):
Event: 283.067 Thread 0x000000000dd90000 Threw 0x00000007e6e418d8 at C:\jdk7u2_64p\jdk7u21\hotspot\src\share\vm\prims\jvm.cpp:1166
Event: 283.067 Thread 0x000000000dd90000 Threw 0x00000007e6e48ee8 at C:\jdk7u2_64p\jdk7u21\hotspot\src\share\vm\prims\jvm.cpp:1166
Event: 283.067 Thread 0x000000000dd90000 Threw 0x00000007e6e498e0 at C:\jdk7u2_64p\jdk7u21\hotspot\src\share\vm\prims\jvm.cpp:1166
Event: 283.067 Thread 0x000000000dd90000 Threw 0x00000007e6e50ef0 at C:\jdk7u2_64p\jdk7u21\hotspot\src\share\vm\prims\jvm.cpp:1166
Event: 283.067 Thread 0x000000000dd90000 Threw 0x00000007e6e512a8 at C:\jdk7u2_64p\jdk7u21\hotspot\src\share\vm\classfile\systemDictionary.cpp:179
Event: 283.067 Thread 0x000000000dd90000 Threw 0x00000007e6e51fb0 at C:\jdk7u2_64p\jdk7u21\hotspot\src\share\vm\prims\jvm.cpp:1166
Event: 283.067 Thread 0x000000000dd90000 Threw 0x00000007e6e59798 at C:\jdk7u2_64p\jdk7u21\hotspot\src\share\vm\prims\jvm.cpp:1166
Event: 283.067 Thread 0x000000000dd90000 Threw 0x00000007e6e5a1b8 at C:\jdk7u2_64p\jdk7u21\hotspot\src\share\vm\prims\jvm.cpp:1166
Event: 283.067 Thread 0x000000000dd90000 Threw 0x00000007e6e619a0 at C:\jdk7u2_64p\jdk7u21\hotspot\src\share\vm\prims\jvm.cpp:1166
Event: 283.067 Thread 0x000000000dd90000 Threw 0x00000007e6e61d60 at C:\jdk7u2_64p\jdk7u21\hotspot\src\share\vm\classfile\systemDictionary.cpp:179

Events (10 events):
Event: 283.067 loading class 0x000000000fb5c050
Event: 283.067 loading class 0x000000000fb5c050 done
Event: 283.067 loading class 0x000000000fb5c050
Event: 283.067 loading class 0x000000000fb5c050 done
Event: 283.067 loading class 0x000000000fb5e120
Event: 283.067 loading class 0x000000000fb5e120 done
Event: 283.067 loading class 0x000000000fb5e120
Event: 283.067 loading class 0x000000000fb5e120 done
Event: 283.067 loading class 0x000000000fb5e120
Event: 283.067 loading class 0x000000000fb5e120 done


Dynamic libraries:
0x00007ff720500000 - 0x00007ff720533000 	C:\Program Files\Java\jdk1.7.0_21\bin\java.exe
0x00007ffc790d0000 - 0x00007ffc792c5000 	C:\WINDOWS\SYSTEM32\ntdll.dll
0x00007ffc78480000 - 0x00007ffc7853e000 	C:\WINDOWS\System32\KERNEL32.DLL
0x00007ffc76d20000 - 0x00007ffc76fe8000 	C:\WINDOWS\System32\KERNELBASE.dll
0x00007ffc78a70000 - 0x00007ffc78b1e000 	C:\WINDOWS\System32\ADVAPI32.dll
0x00007ffc77ee0000 - 0x00007ffc77f7e000 	C:\WINDOWS\System32\msvcrt.dll
0x00007ffc78c50000 - 0x00007ffc78cec000 	C:\WINDOWS\System32\sechost.dll
0x00007ffc78b20000 - 0x00007ffc78c45000 	C:\WINDOWS\System32\RPCRT4.dll
0x00007ffc780a0000 - 0x00007ffc78240000 	C:\WINDOWS\System32\USER32.dll
0x00007ffc77100000 - 0x00007ffc77122000 	C:\WINDOWS\System32\win32u.dll
0x00007ffc78960000 - 0x00007ffc7898b000 	C:\WINDOWS\System32\GDI32.dll
0x00007ffc76ff0000 - 0x00007ffc770fb000 	C:\WINDOWS\System32\gdi32full.dll
0x00007ffc767f0000 - 0x00007ffc7688d000 	C:\WINDOWS\System32\msvcp_win.dll
0x00007ffc76b10000 - 0x00007ffc76c10000 	C:\WINDOWS\System32\ucrtbase.dll
0x00007ffc65fc0000 - 0x00007ffc6625a000 	C:\WINDOWS\WinSxS\amd64_microsoft.windows.common-controls_6595b64144ccf1df_6.0.19041.1110_none_60b5254171f9507e\COMCTL32.dll
0x00007ffc77290000 - 0x00007ffc772c0000 	C:\WINDOWS\System32\IMM32.DLL
0x0000000067f80000 - 0x0000000068051000 	C:\Program Files\Java\jdk1.7.0_21\jre\bin\msvcr100.dll
0x0000000066b10000 - 0x0000000067231000 	C:\Program Files\Java\jdk1.7.0_21\jre\bin\server\jvm.dll
0x00007ffc78ee0000 - 0x00007ffc78ee8000 	C:\WINDOWS\System32\PSAPI.DLL
0x00007ffc73370000 - 0x00007ffc73379000 	C:\WINDOWS\SYSTEM32\WSOCK32.dll
0x00007ffc79020000 - 0x00007ffc7908b000 	C:\WINDOWS\System32\WS2_32.dll
0x00007ffc6bed0000 - 0x00007ffc6bef7000 	C:\WINDOWS\SYSTEM32\WINMM.dll
0x0000000067f30000 - 0x0000000067f3f000 	C:\Program Files\Java\jdk1.7.0_21\jre\bin\verify.dll
0x0000000067f00000 - 0x0000000067f28000 	C:\Program Files\Java\jdk1.7.0_21\jre\bin\java.dll
0x0000000067980000 - 0x00000000679b5000 	C:\Program Files\Java\jdk1.7.0_21\jre\bin\jdwp.dll
0x0000000067970000 - 0x0000000067978000 	C:\Program Files\Java\jdk1.7.0_21\jre\bin\npt.dll
0x0000000067ee0000 - 0x0000000067ef5000 	C:\Program Files\Java\jdk1.7.0_21\jre\bin\zip.dll
0x0000000067d80000 - 0x0000000067d8b000 	C:\Program Files\Java\jdk1.7.0_21\jre\bin\dt_shmem.dll
0x00000000664b0000 - 0x0000000066643000 	C:\Program Files\Java\jdk1.7.0_21\jre\bin\awt.dll
0x00007ffc771c0000 - 0x00007ffc7728d000 	C:\WINDOWS\System32\OLEAUT32.dll
0x00007ffc785a0000 - 0x00007ffc788f4000 	C:\WINDOWS\System32\combase.dll
0x00007ffc73620000 - 0x00007ffc736b0000 	C:\WINDOWS\SYSTEM32\apphelp.dll
0x00007ffc74180000 - 0x00007ffc7421e000 	C:\WINDOWS\system32\uxtheme.dll
0x00007ffc77f80000 - 0x00007ffc78096000 	C:\WINDOWS\System32\MSCTF.dll
0x00007ffc78ef0000 - 0x00007ffc7901a000 	C:\WINDOWS\System32\ole32.dll
0x00007ffc74700000 - 0x00007ffc74712000 	C:\WINDOWS\SYSTEM32\kernel.appcore.dll
0x00007ffc76c90000 - 0x00007ffc76d12000 	C:\WINDOWS\System32\bcryptPrimitives.dll
0x00007ffc77790000 - 0x00007ffc77ed4000 	C:\WINDOWS\System32\SHELL32.dll
0x00007ffc78900000 - 0x00007ffc78955000 	C:\WINDOWS\System32\SHLWAPI.dll
0x00007ffc78cf0000 - 0x00007ffc78d9d000 	C:\WINDOWS\System32\shcore.dll
0x00007ffc74520000 - 0x00007ffc7454f000 	C:\WINDOWS\system32\DWMAPI.DLL
0x0000000067e60000 - 0x0000000067e9e000 	C:\Program Files\Java\jdk1.7.0_21\jre\bin\fontmanager.dll
0x0000000067ec0000 - 0x0000000067ed9000 	C:\Program Files\Java\jdk1.7.0_21\jre\bin\net.dll
0x00007ffc75fb0000 - 0x00007ffc7601a000 	C:\WINDOWS\system32\mswsock.dll
0x0000000067ea0000 - 0x0000000067eb1000 	C:\Program Files\Java\jdk1.7.0_21\jre\bin\nio.dll
0x00007ffc6d7f0000 - 0x00007ffc6d8e9000 	C:\WINDOWS\SYSTEM32\textinputframework.dll
0x00007ffc733e0000 - 0x00007ffc734d2000 	C:\WINDOWS\System32\CoreMessaging.dll
0x00007ffc72f30000 - 0x00007ffc7328e000 	C:\WINDOWS\System32\CoreUIComponents.dll
0x00007ffc754f0000 - 0x00007ffc75523000 	C:\WINDOWS\SYSTEM32\ntmarta.dll
0x00007ffc72610000 - 0x00007ffc72764000 	C:\WINDOWS\SYSTEM32\wintypes.dll
0x0000000067e10000 - 0x0000000067e51000 	C:\Program Files\Java\jdk1.7.0_21\jre\bin\t2k.dll
0x00007ffc75ca0000 - 0x00007ffc75d6a000 	C:\WINDOWS\SYSTEM32\DNSAPI.dll
0x00007ffc75c50000 - 0x00007ffc75c8b000 	C:\WINDOWS\SYSTEM32\IPHLPAPI.DLL
0x00007ffc78da0000 - 0x00007ffc78da8000 	C:\WINDOWS\System32\NSI.dll
0x00007ffc671d0000 - 0x00007ffc671da000 	C:\Windows\System32\rasadhlp.dll
0x00007ffc67a60000 - 0x00007ffc67adf000 	C:\WINDOWS\System32\fwpuclnt.dll
0x00007ffc76c10000 - 0x00007ffc76c37000 	C:\WINDOWS\System32\bcrypt.dll
0x00007ffc761a0000 - 0x00007ffc761b8000 	C:\WINDOWS\SYSTEM32\CRYPTSP.dll
0x00007ffc758c0000 - 0x00007ffc758f4000 	C:\WINDOWS\system32\rsaenh.dll
0x00007ffc766f0000 - 0x00007ffc7671e000 	C:\WINDOWS\SYSTEM32\USERENV.dll
0x00007ffc76730000 - 0x00007ffc7674f000 	C:\WINDOWS\SYSTEM32\profapi.dll
0x00007ffc761c0000 - 0x00007ffc761cc000 	C:\WINDOWS\SYSTEM32\CRYPTBASE.dll
0x00007ffc5fb60000 - 0x00007ffc5fb77000 	C:\WINDOWS\system32\napinsp.dll
0x00007ffc5fb10000 - 0x00007ffc5fb2b000 	C:\WINDOWS\system32\pnrpnsp.dll
0x00007ffc5fb30000 - 0x00007ffc5fb45000 	C:\WINDOWS\system32\wshbth.dll
0x00007ffc72820000 - 0x00007ffc7283d000 	C:\WINDOWS\system32\NLAapi.dll
0x00007ffc5fb80000 - 0x00007ffc5fb92000 	C:\WINDOWS\System32\winrnr.dll
0x00007ffc78e30000 - 0x00007ffc78ed9000 	C:\WINDOWS\System32\clbcatq.dll
0x00007ffc74900000 - 0x00007ffc75094000 	C:\WINDOWS\SYSTEM32\windows.storage.dll
0x00007ffc76250000 - 0x00007ffc7627c000 	C:\WINDOWS\SYSTEM32\Wldp.dll
0x00007ffc6d5e0000 - 0x00007ffc6d794000 	C:\WINDOWS\SYSTEM32\WindowsCodecs.dll
0x00007ffc64fc0000 - 0x00007ffc64ffe000 	C:\WINDOWS\system32\dataexchange.dll
0x00007ffc71820000 - 0x00007ffc71a84000 	C:\WINDOWS\system32\d3d11.dll
0x00007ffc72840000 - 0x00007ffc72a25000 	C:\WINDOWS\system32\dcomp.dll
0x00007ffc75100000 - 0x00007ffc751f3000 	C:\WINDOWS\system32\dxgi.dll
0x00007ffc705b0000 - 0x00007ffc707b1000 	C:\WINDOWS\system32\twinapi.appcore.dll
0x0000000066ae0000 - 0x0000000066b10000 	C:\Program Files\Java\jdk1.7.0_21\jre\bin\jpeg.dll
0x00007ffc70df0000 - 0x00007ffc70ea0000 	C:\WINDOWS\WinSxS\amd64_microsoft.windows.common-controls_6595b64144ccf1df_5.82.19041.1110_none_792d1c772443f647\comctl32.dll
0x00007ffc71250000 - 0x00007ffc71346000 	C:\WINDOWS\SYSTEM32\PROPSYS.dll
0x00007ffc61aa0000 - 0x00007ffc61abf000 	C:\WINDOWS\SYSTEM32\MPR.dll
0x00007ffc61d60000 - 0x00007ffc61d72000 	C:\WINDOWS\SYSTEM32\cscapi.dll
0x00007ffc75c90000 - 0x00007ffc75c9c000 	C:\WINDOWS\System32\netutils.dll
0x00007ffc70ea0000 - 0x00007ffc70f01000 	C:\Windows\System32\Windows.FileExplorer.Common.dll
0x00007ffc6c850000 - 0x00007ffc6cb01000 	C:\Windows\System32\iertutil.dll
0x00007ffc61290000 - 0x00007ffc613d6000 	C:\Windows\System32\Windows.StateRepositoryPS.dll
0x00007ffc76c40000 - 0x00007ffc76c8e000 	C:\WINDOWS\System32\CFGMGR32.dll
0x00007ffc766b0000 - 0x00007ffc766e2000 	C:\WINDOWS\system32\SspiCli.dll
0x00007ffc6a2c0000 - 0x00007ffc6a2e8000 	C:\WINDOWS\system32\srvcli.dll
0x00007ffc6f290000 - 0x00007ffc6f33c000 	C:\WINDOWS\SYSTEM32\TextShaping.dll
0x00007ffc750b0000 - 0x00007ffc750d3000 	C:\WINDOWS\SYSTEM32\gpapi.dll
0x00007ffc6ae50000 - 0x00007ffc6b0af000 	C:\Windows\System32\msxml6.dll
0x00007ffc63790000 - 0x00007ffc637a1000 	C:\WINDOWS\SYSTEM32\windows.staterepositorycore.dll
0x00007ffc6a6b0000 - 0x00007ffc6ae48000 	C:\Windows\System32\OneCoreUAPCommonProxyStub.dll
0x00007ffc63520000 - 0x00007ffc63586000 	C:\Windows\System32\thumbcache.dll
0x00007ffc658c0000 - 0x00007ffc658e4000 	C:\WINDOWS\SYSTEM32\edputil.dll
0x00007ffc548c0000 - 0x00007ffc5490c000 	C:\Windows\System32\Windows.UI.AppDefaults.dll
0x00007ffc6a2f0000 - 0x00007ffc6a4dc000 	C:\WINDOWS\SYSTEM32\urlmon.dll
0x00007ffc70020000 - 0x00007ffc700bf000 	C:\WINDOWS\SYSTEM32\policymanager.dll
0x00007ffc75950000 - 0x00007ffc759da000 	C:\WINDOWS\SYSTEM32\msvcp110_win.dll
0x00007ffc65890000 - 0x00007ffc658b3000 	C:\Windows\System32\cldapi.dll
0x00007ffc63760000 - 0x00007ffc6376b000 	C:\Windows\System32\FLTLIB.DLL
0x00007ffc65000000 - 0x00007ffc6507d000 	C:\Windows\System32\OneCoreCommonProxyStub.dll
0x00007ffc70fe0000 - 0x00007ffc70feb000 	C:\WINDOWS\System32\drprov.dll
0x00007ffc75560000 - 0x00007ffc755ba000 	C:\WINDOWS\System32\WINSTA.dll
0x00007ffc6eec0000 - 0x00007ffc6eee0000 	C:\WINDOWS\System32\ntlanman.dll
0x00007ffc6e710000 - 0x00007ffc6e72e000 	C:\WINDOWS\System32\davclnt.dll
0x00007ffc707e0000 - 0x00007ffc707ed000 	C:\WINDOWS\System32\DAVHLPR.dll
0x00007ffc759e0000 - 0x00007ffc759f9000 	C:\WINDOWS\System32\wkscli.dll
0x00007ffc627c0000 - 0x00007ffc629a4000 	C:\WINDOWS\SYSTEM32\dbghelp.dll

VM Arguments:
jvm_args: -Xdebug -Xrunjdwp:transport=dt_shmem,address=javadebug -Dfile.encoding=UTF-8 
java_command: Presentacion.MENU000
Launcher Type: SUN_STANDARD

Environment Variables:
JAVA_HOME=C:\Program Files\Java\jdk1.7.0_21
PATH=C:\Program Files (x86)\Intel\Intel(R) Management Engine Components\iCLS\;C:\Program Files\Intel\Intel(R) Management Engine Components\iCLS\;C:\WINDOWS\system32;C:\WINDOWS;C:\WINDOWS\System32\Wbem;C:\WINDOWS\System32\WindowsPowerShell\v1.0\;C:\WINDOWS\System32\OpenSSH\;C:\Program Files (x86)\EasyFrom;C:\Program Files\Java\jdk1.7.0_21\bin;C:\Program Files (x86)\Common Files\Ulead Systems\MPEG;C:\apache-maven-3.2.1\bin;C:\Program Files (x86)\Intel\Intel(R) Management Engine Components\DAL;C:\Program Files\Intel\Intel(R) Management Engine Components\DAL;C:\Program Files (x86)\Intel\Intel(R) Management Engine Components\IPT;C:\Program Files\Intel\Intel(R) Management Engine Components\IPT;C:\Users\JAVIER SALAS\AppData\Local\Microsoft\WindowsApps;C:\apache-maven-3.2.1\bin;
USERNAME=JAVIER SALAS
OS=Windows_NT
PROCESSOR_IDENTIFIER=Intel64 Family 6 Model 69 Stepping 1, GenuineIntel



---------------  S Y S T E M  ---------------

OS: Windows 8 , 64 bit Build 9200 

CPU:total 4 (2 cores per cpu, 2 threads per core) family 6 model 69 stepping 1, cmov, cx8, fxsr, mmx, sse, sse2, sse3, ssse3, sse4.1, sse4.2, popcnt, avx, avx2, ht, tsc, tscinvbit

Memory: 4k page, physical 8315244k(3724700k free), swap 9625964k(2832972k free)

vm_info: Java HotSpot(TM) 64-Bit Server VM (23.21-b01) for windows-amd64 JRE (1.7.0_21-b11), built on Apr  4 2013 08:11:28 by "java_re" with unknown MS VC++:1600

time: Thu Apr 07 14:15:42 2022
elapsed time: 283 seconds

