#
# A fatal error has been detected by the Java Runtime Environment:
#
#  EXCEPTION_ACCESS_VIOLATION (0xc0000005) at pc=0x000000005e832404, pid=8584, tid=12316
#
# JRE version: 7.0_21-b11
# Java VM: Java HotSpot(TM) 64-Bit Server VM (23.21-b01 mixed mode windows-amd64 compressed oops)
# Problematic frame:
# C  [fontmanager.dll+0x12404]  Java_sun_font_FileFontStrike__1getGlyphImageFromWindows+0xe838
#
# Failed to write core dump. Minidumps are not enabled by default on client versions of Windows
#
# If you would like to submit a bug report, please visit:
#   http://bugreport.sun.com/bugreport/crash.jsp
# The crash happened outside the Java Virtual Machine in native code.
# See problematic frame for where to report the bug.
#

---------------  T H R E A D  ---------------

Current thread (0x000000000d88a800):  JavaThread "AWT-EventQueue-0" [_thread_in_native, id=12316, stack(0x000000000ea00000,0x000000000eb00000)]

siginfo: ExceptionCode=0xc0000005, reading address 0x000000000f9e29a1

Registers:
RAX=0x000000000eafb530, RBX=0x0000000000000031, RCX=0x000000000f9e29a1, RDX=0x00000000ffffffff
RSP=0x000000000eafb4b0, RBP=0x0000000000000031, RSI=0x000000000eafbd60, RDI=0x000000000f9e29a1
R8 =0x0000000000000000, R9 =0x000000000eafbd60, R10=0x0000000000000000, R11=0x0000000000000008
R12=0x000000000f9d2a1e, R13=0x000000000eafb710, R14=0x0000000000000001, R15=0x000000000eafbd48
RIP=0x000000005e832404, EFLAGS=0x0000000000010246

Top of Stack: (sp=0x000000000eafb4b0)
0x000000000eafb4b0:   000000000eafb538 0000000000000000
0x000000000eafb4c0:   0000000000000000 0000000000000000
0x000000000eafb4d0:   000000000eafb960 000000005e832573
0x000000000eafb4e0:   0000000000000031 000000000eafb5e0
0x000000000eafb4f0:   000000000eafbd60 000000077c8673f8
0x000000000eafb500:   000000000eafb530 000000077c8669c0
0x000000000eafb510:   0000000000000000 0000000000000031
0x000000000eafb520:   000000000eafb588 00000000028b6414
0x000000000eafb530:   0000000000000048 000000000eafbd60
0x000000000eafb540:   0000000047504f53 000000000eafb710
0x000000000eafb550:   000000000f9d2a1e 000000000000e7f4
0x000000000eafb560:   000000000da22bb0 00000007db504260
0x000000000eafb570:   0000000000000000 0000000000000000
0x000000000eafb580:   0000000080000000 00000000028c94aa
0x000000000eafb590:   000000077bed9a00 00000000ef89955b
0x000000000eafb5a0:   000000077c3d6469 000000000eafb5e8 

Instructions: (pc=0x000000005e832404)
0x000000005e8323e4:   08 48 89 6c 24 10 48 89 74 24 18 57 48 83 ec 20
0x000000005e8323f4:   8b ea 83 ca ff 49 8b f1 48 8b f9 45 85 c0 78 6b
0x000000005e832404:   44 0f b7 19 41 0f b7 c3 66 41 c1 e3 08 66 c1 e8
0x000000005e832414:   08 44 0f b6 d0 41 0f b7 c3 44 0b d0 45 3b c2 7d 


Register to memory mapping:

RAX=0x000000000eafb530 is pointing into the stack for thread: 0x000000000d88a800
RBX=0x0000000000000031 is an unknown value
RCX=0x000000000f9e29a1 is an unknown value
RDX=0x00000000ffffffff is an unknown value
RSP=0x000000000eafb4b0 is pointing into the stack for thread: 0x000000000d88a800
RBP=0x0000000000000031 is an unknown value
RSI=0x000000000eafbd60 is pointing into the stack for thread: 0x000000000d88a800
RDI=0x000000000f9e29a1 is an unknown value
R8 =0x0000000000000000 is an unknown value
R9 =0x000000000eafbd60 is pointing into the stack for thread: 0x000000000d88a800
R10=0x0000000000000000 is an unknown value
R11=0x0000000000000008 is an unknown value
R12=0x000000000f9d2a1e is an unknown value
R13=0x000000000eafb710 is pointing into the stack for thread: 0x000000000d88a800
R14=0x0000000000000001 is an unknown value
R15=0x000000000eafbd48 is pointing into the stack for thread: 0x000000000d88a800


Stack: [0x000000000ea00000,0x000000000eb00000],  sp=0x000000000eafb4b0,  free space=1005k
Native frames: (J=compiled Java code, j=interpreted, Vv=VM code, C=native code)
C  [fontmanager.dll+0x12404]  Java_sun_font_FileFontStrike__1getGlyphImageFromWindows+0xe838

Java frames: (J=compiled Java code, j=interpreted, Vv=VM code)
j  sun.font.SunLayoutEngine.nativeLayout(Lsun/font/Font2D;Lsun/font/FontStrike;[FII[CIIIIIIILjava/awt/geom/Point2D$Float;Lsun/font/GlyphLayout$GVData;JJ)V+0
j  sun.font.SunLayoutEngine.layout(Lsun/font/FontStrikeDesc;[FIILsun/font/TextRecord;ILjava/awt/geom/Point2D$Float;Lsun/font/GlyphLayout$GVData;)V+98
j  sun.font.GlyphLayout$EngineRecord.layout()V+95
j  sun.font.GlyphLayout.layout(Ljava/awt/Font;Ljava/awt/font/FontRenderContext;[CIIILsun/font/StandardGlyphVector;)Lsun/font/StandardGlyphVector;+541
j  sun.font.ExtendedTextSourceLabel.createGV()Lsun/font/StandardGlyphVector;+63
j  sun.font.ExtendedTextSourceLabel.getGV()Lsun/font/StandardGlyphVector;+9
j  sun.font.ExtendedTextSourceLabel.createCharinfo()[F+1
j  sun.font.ExtendedTextSourceLabel.getCharinfo()[F+9
j  sun.font.ExtendedTextSourceLabel.getLineBreakIndex(IF)I+1
j  java.awt.font.TextMeasurer.calcLineBreak(IF)I+96
j  java.awt.font.TextMeasurer.getLineBreakIndex(IF)I+38
j  java.awt.font.LineBreakMeasurer.nextOffset(FIZ)I+44
j  net.sf.jasperreports.engine.fill.SimpleTextLineWrapper.measureExactLineBreakIndex(FIZ)I+110
j  net.sf.jasperreports.engine.fill.SimpleTextLineWrapper.measureExactLine(FIZ)Lnet/sf/jasperreports/engine/fill/TextLine;+4
j  net.sf.jasperreports.engine.fill.SimpleTextLineWrapper.nextLine(FIZ)Lnet/sf/jasperreports/engine/fill/TextLine;+88
j  net.sf.jasperreports.engine.fill.TextMeasurer.renderNextLine(Lnet/sf/jasperreports/engine/fill/TextLineWrapper;Ljava/util/List;[I[Lnet/sf/jasperreports/engine/TabStop;[Z)Z+253
j  net.sf.jasperreports.engine.fill.TextMeasurer.renderParagraph(Lnet/sf/jasperreports/engine/fill/TextLineWrapper;ILjava/lang/String;)Z+120
j  net.sf.jasperreports.engine.fill.TextMeasurer.measure(Lnet/sf/jasperreports/engine/util/JRStyledText;IIZ)Lnet/sf/jasperreports/engine/fill/JRMeasuredText;+193
j  net.sf.jasperreports.engine.fill.JRFillTextElement.chopTextElement(I)V+45
j  net.sf.jasperreports.engine.fill.JRFillStaticText.prepare(IZ)Z+190
j  net.sf.jasperreports.engine.fill.JRFillElementContainer.prepareElements(IZ)V+94
j  net.sf.jasperreports.engine.fill.JRFillBand.fill(IZ)Lnet/sf/jasperreports/engine/fill/JRPrintBand;+55
j  net.sf.jasperreports.engine.fill.JRFillBand.fill(I)Lnet/sf/jasperreports/engine/fill/JRPrintBand;+3
j  net.sf.jasperreports.engine.fill.JRVerticalFiller.fillBandNoOverflow(Lnet/sf/jasperreports/engine/fill/JRFillBand;B)Z+37
j  net.sf.jasperreports.engine.fill.JRVerticalFiller.fillColumnHeader(B)V+110
j  net.sf.jasperreports.engine.fill.JRVerticalFiller.fillReportStart()V+70
j  net.sf.jasperreports.engine.fill.JRVerticalFiller.fillReport()V+13
j  net.sf.jasperreports.engine.fill.JRBaseFiller.fill(Ljava/util/Map;)Lnet/sf/jasperreports/engine/JasperPrint;+303
j  net.sf.jasperreports.engine.fill.JRBaseFiller.fill(Ljava/util/Map;Lnet/sf/jasperreports/engine/JRDataSource;)Lnet/sf/jasperreports/engine/JasperPrint;+20
j  net.sf.jasperreports.engine.fill.JRFiller.fill(Lnet/sf/jasperreports/engine/JasperReportsContext;Lnet/sf/jasperreports/engine/JasperReport;Ljava/util/Map;Lnet/sf/jasperreports/engine/JRDataSource;)Lnet/sf/jasperreports/engine/JasperPrint;+14
j  net.sf.jasperreports.engine.JasperFillManager.fill(Lnet/sf/jasperreports/engine/JasperReport;Ljava/util/Map;Lnet/sf/jasperreports/engine/JRDataSource;)Lnet/sf/jasperreports/engine/JasperPrint;+7
j  net.sf.jasperreports.engine.JasperFillManager.fillReport(Lnet/sf/jasperreports/engine/JasperReport;Ljava/util/Map;Lnet/sf/jasperreports/engine/JRDataSource;)Lnet/sf/jasperreports/engine/JasperPrint;+6
j  Presentacion.Stock_Minimo.FREP041.convertPedidoToPDF(Ljava/lang/String;Ljava/lang/String;Ljava/util/HashMap;Ljava/util/ArrayList;)V+26
j  Presentacion.Stock_Minimo.FREP041.bt_imprimirActionPerformed(Ljava/awt/event/ActionEvent;)V+96
j  Presentacion.Stock_Minimo.FREP041.access$000(LPresentacion/Stock_Minimo/FREP041;Ljava/awt/event/ActionEvent;)V+2
j  Presentacion.Stock_Minimo.FREP041$2.actionPerformed(Ljava/awt/event/ActionEvent;)V+5
j  javax.swing.AbstractButton.fireActionPerformed(Ljava/awt/event/ActionEvent;)V+84
j  javax.swing.AbstractButton$Handler.actionPerformed(Ljava/awt/event/ActionEvent;)V+5
j  javax.swing.DefaultButtonModel.fireActionPerformed(Ljava/awt/event/ActionEvent;)V+35
j  javax.swing.DefaultButtonModel.setPressed(Z)V+117
j  javax.swing.plaf.basic.BasicButtonListener.mouseReleased(Ljava/awt/event/MouseEvent;)V+35
j  java.awt.Component.processMouseEvent(Ljava/awt/event/MouseEvent;)V+64
j  javax.swing.JComponent.processMouseEvent(Ljava/awt/event/MouseEvent;)V+23
j  java.awt.Component.processEvent(Ljava/awt/AWTEvent;)V+81
j  java.awt.Container.processEvent(Ljava/awt/AWTEvent;)V+18
j  java.awt.Component.dispatchEventImpl(Ljava/awt/AWTEvent;)V+581
J  java.awt.Container.dispatchEventImpl(Ljava/awt/AWTEvent;)V
j  java.awt.Component.dispatchEvent(Ljava/awt/AWTEvent;)V+2
j  java.awt.LightweightDispatcher.retargetMouseEvent(Ljava/awt/Component;ILjava/awt/event/MouseEvent;)V+327
j  java.awt.LightweightDispatcher.processMouseEvent(Ljava/awt/event/MouseEvent;)Z+139
J  java.awt.Container.dispatchEventImpl(Ljava/awt/AWTEvent;)V
j  java.awt.Window.dispatchEventImpl(Ljava/awt/AWTEvent;)V+19
j  java.awt.Component.dispatchEvent(Ljava/awt/AWTEvent;)V+2
j  java.awt.EventQueue.dispatchEventImpl(Ljava/awt/AWTEvent;Ljava/lang/Object;)V+41
j  java.awt.EventQueue.access$200(Ljava/awt/EventQueue;Ljava/awt/AWTEvent;Ljava/lang/Object;)V+3
j  java.awt.EventQueue$3.run()Ljava/lang/Void;+12
j  java.awt.EventQueue$3.run()Ljava/lang/Object;+1
v  ~StubRoutines::call_stub
j  java.security.AccessController.doPrivileged(Ljava/security/PrivilegedAction;Ljava/security/AccessControlContext;)Ljava/lang/Object;+0
j  java.security.ProtectionDomain$1.doIntersectionPrivilege(Ljava/security/PrivilegedAction;Ljava/security/AccessControlContext;Ljava/security/AccessControlContext;)Ljava/lang/Object;+28
j  java.security.ProtectionDomain$1.doIntersectionPrivilege(Ljava/security/PrivilegedAction;Ljava/security/AccessControlContext;)Ljava/lang/Object;+6
j  java.awt.EventQueue$4.run()Ljava/lang/Void;+11
j  java.awt.EventQueue$4.run()Ljava/lang/Object;+1
v  ~StubRoutines::call_stub
j  java.security.AccessController.doPrivileged(Ljava/security/PrivilegedAction;Ljava/security/AccessControlContext;)Ljava/lang/Object;+0
j  java.security.ProtectionDomain$1.doIntersectionPrivilege(Ljava/security/PrivilegedAction;Ljava/security/AccessControlContext;Ljava/security/AccessControlContext;)Ljava/lang/Object;+28
j  java.awt.EventQueue.dispatchEvent(Ljava/awt/AWTEvent;)V+73
j  java.awt.EventDispatchThread.pumpOneEventForFilters(I)V+245
j  java.awt.EventDispatchThread.pumpEventsForFilter(ILjava/awt/Conditional;Ljava/awt/EventFilter;)V+35
j  java.awt.EventDispatchThread.pumpEventsForHierarchy(ILjava/awt/Conditional;Ljava/awt/Component;)V+11
j  java.awt.EventDispatchThread.pumpEvents(ILjava/awt/Conditional;)V+4
j  java.awt.EventDispatchThread.pumpEvents(Ljava/awt/Conditional;)V+3
j  java.awt.EventDispatchThread.run()V+9
v  ~StubRoutines::call_stub

---------------  P R O C E S S  ---------------

Java Threads: ( => current thread )
  0x000000000f99f800 JavaThread "Thread-3" [_thread_blocked, id=3128, stack(0x00000000128d0000,0x00000000129d0000)]
  0x000000000dc17000 JavaThread "Thread-2" [_thread_blocked, id=6116, stack(0x00000000127d0000,0x00000000128d0000)]
  0x000000000effb000 JavaThread "TimerQueue" daemon [_thread_blocked, id=10852, stack(0x0000000011c10000,0x0000000011d10000)]
  0x000000000fa44800 JavaThread "Abandoned connection cleanup thread" daemon [_thread_blocked, id=3380, stack(0x000000000fed0000,0x000000000ffd0000)]
  0x000000000d88d000 JavaThread "org.netbeans.modules.debugger.jpda.visual AWT Access Loop" daemon [_thread_blocked, id=5968, stack(0x000000000eb00000,0x000000000ec00000)]
  0x00000000027b3800 JavaThread "DestroyJavaVM" [_thread_blocked, id=1520, stack(0x00000000026b0000,0x00000000027b0000)]
=>0x000000000d88a800 JavaThread "AWT-EventQueue-0" [_thread_in_native, id=12316, stack(0x000000000ea00000,0x000000000eb00000)]
  0x000000000d836800 JavaThread "AWT-Windows" daemon [_thread_in_native, id=5824, stack(0x000000000e390000,0x000000000e490000)]
  0x000000000d702000 JavaThread "AWT-Shutdown" [_thread_blocked, id=7288, stack(0x000000000e290000,0x000000000e390000)]
  0x000000000d4d0000 JavaThread "Java2D Disposer" daemon [_thread_blocked, id=5552, stack(0x000000000e190000,0x000000000e290000)]
  0x000000000b7a6000 JavaThread "Service Thread" daemon [_thread_blocked, id=7608, stack(0x000000000d220000,0x000000000d320000)]
  0x000000000b7a5000 JavaThread "C2 CompilerThread1" daemon [_thread_blocked, id=10308, stack(0x000000000d120000,0x000000000d220000)]
  0x000000000b79a800 JavaThread "C2 CompilerThread0" daemon [_thread_blocked, id=10820, stack(0x000000000d020000,0x000000000d120000)]
  0x000000000b786000 JavaThread "JDWP Command Reader" daemon [_thread_in_native, id=11796, stack(0x000000000cf20000,0x000000000d020000)]
  0x000000000b783000 JavaThread "JDWP Event Helper Thread" daemon [_thread_blocked, id=7140, stack(0x000000000ce20000,0x000000000cf20000)]
  0x000000000b781800 JavaThread "JDWP Transport Listener: dt_shmem" daemon [_thread_blocked, id=10556, stack(0x000000000cd20000,0x000000000ce20000)]
  0x000000000b771000 JavaThread "Attach Listener" daemon [_thread_blocked, id=8332, stack(0x000000000cc20000,0x000000000cd20000)]
  0x000000000b76e000 JavaThread "Signal Dispatcher" daemon [_thread_blocked, id=2176, stack(0x000000000cb20000,0x000000000cc20000)]
  0x000000000b706000 JavaThread "Finalizer" daemon [_thread_blocked, id=12048, stack(0x000000000ca20000,0x000000000cb20000)]
  0x000000000b702800 JavaThread "Reference Handler" daemon [_thread_blocked, id=11208, stack(0x000000000c920000,0x000000000ca20000)]

Other Threads:
  0x000000000b6fa000 VMThread [stack: 0x000000000c820000,0x000000000c920000] [id=8144]
  0x000000000b82e000 WatcherThread [stack: 0x000000000d720000,0x000000000d820000] [id=3360]

VM state:not at safepoint (normal execution)

VM Mutex/Monitor currently owned by a thread: None

Heap
 PSYoungGen      total 218112K, used 171619K [0x00000007d5ab0000, 0x00000007eb400000, 0x0000000800000000)
  eden space 207872K, 81% used [0x00000007d5ab0000,0x00000007e00f8bf8,0x00000007e25b0000)
  from space 10240K, 13% used [0x00000007e25b0000,0x00000007e2700040,0x00000007e2fb0000)
  to   space 10496K, 0% used [0x00000007ea9c0000,0x00000007ea9c0000,0x00000007eb400000)
 ParOldGen       total 86656K, used 18736K [0x0000000781000000, 0x00000007864a0000, 0x00000007d5ab0000)
  object space 86656K, 21% used [0x0000000781000000,0x000000078224c278,0x00000007864a0000)
 PSPermGen       total 38912K, used 38866K [0x000000077be00000, 0x000000077e400000, 0x0000000781000000)
  object space 38912K, 99% used [0x000000077be00000,0x000000077e3f4a98,0x000000077e400000)

Card table byte_map: [0x00000000058b0000,0x0000000005ce0000] byte_map_base: 0x0000000001cd1000

Polling page: 0x0000000002530000

Code Cache  [0x00000000028b0000, 0x0000000002c20000, 0x00000000058b0000)
 total_blobs=1518 nmethods=927 adapters=549 free_code_cache=45809Kb largest_free_block=46742528

Compilation events (10 events):
Event: 45.447 Thread 0x000000000b7a5000 nmethod 980 0x0000000002a9d4d0 code [0x0000000002a9d760, 0x0000000002a9e6b0]
Event: 45.450 Thread 0x000000000b79a800 nmethod 981 0x0000000002b43a10 code [0x0000000002b43b80, 0x0000000002b43fd8]
Event: 45.451 Thread 0x000000000b7a5000  982             com.sun.org.apache.xerces.internal.util.XMLAttributesImpl::getIndex (96 bytes)
Event: 45.459 Thread 0x000000000b7a5000 nmethod 982 0x0000000002b57610 code [0x0000000002b57760, 0x0000000002b57e18]
Event: 46.416 Thread 0x000000000b79a800  983             java.io.ObjectOutputStream$BlockDataOutputStream::setBlockDataMode (35 bytes)
Event: 46.417 Thread 0x000000000b79a800 nmethod 983 0x0000000002a89e10 code [0x0000000002a89f60, 0x0000000002a8a048]
Event: 46.421 Thread 0x000000000b7a5000  984             java.io.ObjectOutputStream$HandleTable::lookup (56 bytes)
Event: 46.425 Thread 0x000000000b7a5000 nmethod 984 0x00000000029ee010 code [0x00000000029ee160, 0x00000000029ee4a8]
Event: 46.447 Thread 0x000000000b79a800  985             java.io.ObjectStreamField::isUnshared (5 bytes)
Event: 46.447 Thread 0x000000000b79a800 nmethod 985 0x0000000002a89bd0 code [0x0000000002a89d00, 0x0000000002a89d58]

GC Heap History (10 events):
Event: 14.046 GC heap before
{Heap before GC invocations=7 (full 0):
 PSYoungGen      total 74752K, used 71208K [0x00000007d5ab0000, 0x00000007dad70000, 0x0000000800000000)
  eden space 65152K, 100% used [0x00000007d5ab0000,0x00000007d9a50000,0x00000007d9a50000)
  from space 9600K, 63% used [0x00000007da410000,0x00000007da9fa110,0x00000007dad70000)
  to   space 9792K, 0% used [0x00000007d9a50000,0x00000007d9a50000,0x00000007da3e0000)
 ParOldGen       total 86656K, used 8870K [0x0000000781000000, 0x00000007864a0000, 0x00000007d5ab0000)
  object space 86656K, 10% used [0x0000000781000000,0x00000007818a9b20,0x00000007864a0000)
 PSPermGen       total 27392K, used 27379K [0x000000077be00000, 0x000000077d8c0000, 0x0000000781000000)
  object space 27392K, 99% used [0x000000077be00000,0x000000077d8bcdb8,0x000000077d8c0000)
Event: 14.057 GC heap after
Heap after GC invocations=7 (full 0):
 PSYoungGen      total 74944K, used 5260K [0x00000007d5ab0000, 0x00000007decf0000, 0x0000000800000000)
  eden space 65152K, 0% used [0x00000007d5ab0000,0x00000007d5ab0000,0x00000007d9a50000)
  from space 9792K, 53% used [0x00000007d9a50000,0x00000007d9f73190,0x00000007da3e0000)
  to   space 9728K, 0% used [0x00000007de370000,0x00000007de370000,0x00000007decf0000)
 ParOldGen       total 86656K, used 10241K [0x0000000781000000, 0x00000007864a0000, 0x00000007d5ab0000)
  object space 86656K, 11% used [0x0000000781000000,0x0000000781a00620,0x00000007864a0000)
 PSPermGen       total 27392K, used 27379K [0x000000077be00000, 0x000000077d8c0000, 0x0000000781000000)
  object space 27392K, 99% used [0x000000077be00000,0x000000077d8bcdb8,0x000000077d8c0000)
}
Event: 14.135 GC heap before
{Heap before GC invocations=8 (full 0):
 PSYoungGen      total 74944K, used 70412K [0x00000007d5ab0000, 0x00000007decf0000, 0x0000000800000000)
  eden space 65152K, 100% used [0x00000007d5ab0000,0x00000007d9a50000,0x00000007d9a50000)
  from space 9792K, 53% used [0x00000007d9a50000,0x00000007d9f73190,0x00000007da3e0000)
  to   space 9728K, 0% used [0x00000007de370000,0x00000007de370000,0x00000007decf0000)
 ParOldGen       total 86656K, used 10241K [0x0000000781000000, 0x00000007864a0000, 0x00000007d5ab0000)
  object space 86656K, 11% used [0x0000000781000000,0x0000000781a00620,0x00000007864a0000)
 PSPermGen       total 27392K, used 27380K [0x000000077be00000, 0x000000077d8c0000, 0x0000000781000000)
  object space 27392K, 99% used [0x000000077be00000,0x000000077d8bd218,0x000000077d8c0000)
Event: 14.143 GC heap after
Heap after GC invocations=8 (full 0):
 PSYoungGen      total 139648K, used 2968K [0x00000007d5ab0000, 0x00000007dedb0000, 0x0000000800000000)
  eden space 129920K, 0% used [0x00000007d5ab0000,0x00000007d5ab0000,0x00000007dd990000)
  from space 9728K, 30% used [0x00000007de370000,0x00000007de6560b0,0x00000007decf0000)
  to   space 10112K, 0% used [0x00000007dd990000,0x00000007dd990000,0x00000007de370000)
 ParOldGen       total 86656K, used 12557K [0x0000000781000000, 0x00000007864a0000, 0x00000007d5ab0000)
  object space 86656K, 14% used [0x0000000781000000,0x0000000781c43660,0x00000007864a0000)
 PSPermGen       total 27392K, used 27380K [0x000000077be00000, 0x000000077d8c0000, 0x0000000781000000)
  object space 27392K, 99% used [0x000000077be00000,0x000000077d8bd218,0x000000077d8c0000)
}
Event: 16.966 GC heap before
{Heap before GC invocations=9 (full 0):
 PSYoungGen      total 139648K, used 132888K [0x00000007d5ab0000, 0x00000007dedb0000, 0x0000000800000000)
  eden space 129920K, 100% used [0x00000007d5ab0000,0x00000007dd990000,0x00000007dd990000)
  from space 9728K, 30% used [0x00000007de370000,0x00000007de6560b0,0x00000007decf0000)
  to   space 10112K, 0% used [0x00000007dd990000,0x00000007dd990000,0x00000007de370000)
 ParOldGen       total 86656K, used 12557K [0x0000000781000000, 0x00000007864a0000, 0x00000007d5ab0000)
  object space 86656K, 14% used [0x0000000781000000,0x0000000781c43660,0x00000007864a0000)
 PSPermGen       total 29696K, used 29608K [0x000000077be00000, 0x000000077db00000, 0x0000000781000000)
  object space 29696K, 99% used [0x000000077be00000,0x000000077daea2b0,0x000000077db00000)
Event: 16.972 GC heap after
Heap after GC invocations=9 (full 0):
 PSYoungGen      total 140032K, used 2624K [0x00000007d5ab0000, 0x00000007e39d0000, 0x0000000800000000)
  eden space 129920K, 0% used [0x00000007d5ab0000,0x00000007d5ab0000,0x00000007dd990000)
  from space 10112K, 25% used [0x00000007dd990000,0x00000007ddc20020,0x00000007de370000)
  to   space 10304K, 0% used [0x00000007e2fc0000,0x00000007e2fc0000,0x00000007e39d0000)
 ParOldGen       total 86656K, used 14773K [0x0000000781000000, 0x00000007864a0000, 0x00000007d5ab0000)
  object space 86656K, 17% used [0x0000000781000000,0x0000000781e6d540,0x00000007864a0000)
 PSPermGen       total 29696K, used 29608K [0x000000077be00000, 0x000000077db00000, 0x0000000781000000)
  object space 29696K, 99% used [0x000000077be00000,0x000000077daea2b0,0x000000077db00000)
}
Event: 18.157 GC heap before
{Heap before GC invocations=10 (full 0):
 PSYoungGen      total 140032K, used 132544K [0x00000007d5ab0000, 0x00000007e39d0000, 0x0000000800000000)
  eden space 129920K, 100% used [0x00000007d5ab0000,0x00000007dd990000,0x00000007dd990000)
  from space 10112K, 25% used [0x00000007dd990000,0x00000007ddc20020,0x00000007de370000)
  to   space 10304K, 0% used [0x00000007e2fc0000,0x00000007e2fc0000,0x00000007e39d0000)
 ParOldGen       total 86656K, used 14773K [0x0000000781000000, 0x00000007864a0000, 0x00000007d5ab0000)
  object space 86656K, 17% used [0x0000000781000000,0x0000000781e6d540,0x00000007864a0000)
 PSPermGen       total 30272K, used 30156K [0x000000077be00000, 0x000000077db90000, 0x0000000781000000)
  object space 30272K, 99% used [0x000000077be00000,0x000000077db73080,0x000000077db90000)
Event: 18.163 GC heap after
Heap after GC invocations=10 (full 0):
 PSYoungGen      total 218048K, used 3545K [0x00000007d5ab0000, 0x00000007e39b0000, 0x0000000800000000)
  eden space 207872K, 0% used [0x00000007d5ab0000,0x00000007d5ab0000,0x00000007e25b0000)
  from space 10176K, 34% used [0x00000007e2fc0000,0x00000007e3336790,0x00000007e39b0000)
  to   space 10240K, 0% used [0x00000007e25b0000,0x00000007e25b0000,0x00000007e2fb0000)
 ParOldGen       total 86656K, used 15461K [0x0000000781000000, 0x00000007864a0000, 0x00000007d5ab0000)
  object space 86656K, 17% used [0x0000000781000000,0x0000000781f19560,0x00000007864a0000)
 PSPermGen       total 30272K, used 30156K [0x000000077be00000, 0x000000077db90000, 0x0000000781000000)
  object space 30272K, 99% used [0x000000077be00000,0x000000077db73080,0x000000077db90000)
}
Event: 19.085 GC heap before
{Heap before GC invocations=11 (full 0):
 PSYoungGen      total 218048K, used 209080K [0x00000007d5ab0000, 0x00000007e39b0000, 0x0000000800000000)
  eden space 207872K, 98% used [0x00000007d5ab0000,0x00000007e2367bc0,0x00000007e25b0000)
  from space 10176K, 34% used [0x00000007e2fc0000,0x00000007e3336790,0x00000007e39b0000)
  to   space 10240K, 0% used [0x00000007e25b0000,0x00000007e25b0000,0x00000007e2fb0000)
 ParOldGen       total 86656K, used 15461K [0x0000000781000000, 0x00000007864a0000, 0x00000007d5ab0000)
  object space 86656K, 17% used [0x0000000781000000,0x0000000781f19560,0x00000007864a0000)
 PSPermGen       total 30272K, used 30252K [0x000000077be00000, 0x000000077db90000, 0x0000000781000000)
  object space 30272K, 99% used [0x000000077be00000,0x000000077db8b040,0x000000077db90000)
Event: 19.092 GC heap after
Heap after GC invocations=11 (full 0):
 PSYoungGen      total 218112K, used 1344K [0x00000007d5ab0000, 0x00000007eb400000, 0x0000000800000000)
  eden space 207872K, 0% used [0x00000007d5ab0000,0x00000007d5ab0000,0x00000007e25b0000)
  from space 10240K, 13% used [0x00000007e25b0000,0x00000007e2700040,0x00000007e2fb0000)
  to   space 10496K, 0% used [0x00000007ea9c0000,0x00000007ea9c0000,0x00000007eb400000)
 ParOldGen       total 86656K, used 18736K [0x0000000781000000, 0x00000007864a0000, 0x00000007d5ab0000)
  object space 86656K, 21% used [0x0000000781000000,0x000000078224c278,0x00000007864a0000)
 PSPermGen       total 30272K, used 30252K [0x000000077be00000, 0x000000077db90000, 0x0000000781000000)
  object space 30272K, 99% used [0x000000077be00000,0x000000077db8b040,0x000000077db90000)
}

Deoptimization events (10 events):
Event: 45.396 Thread 0x000000000d88a800 Uncommon trap -89 fr.pc 0x0000000002ace11c
Event: 45.400 Thread 0x000000000d88a800 Uncommon trap -89 fr.pc 0x0000000002ace11c
Event: 45.400 Thread 0x000000000d88a800 Uncommon trap -89 fr.pc 0x0000000002ace11c
Event: 45.400 Thread 0x000000000d88a800 Uncommon trap -89 fr.pc 0x0000000002ace11c
Event: 45.407 Thread 0x000000000d88a800 Uncommon trap -89 fr.pc 0x0000000002ace11c
Event: 45.407 Thread 0x000000000d88a800 Uncommon trap -89 fr.pc 0x0000000002bd3e28
Event: 45.409 Thread 0x000000000d88a800 Uncommon trap -89 fr.pc 0x0000000002ace11c
Event: 45.409 Thread 0x000000000d88a800 Uncommon trap -58 fr.pc 0x0000000002b6eb54
Event: 45.428 Thread 0x000000000d88a800 Uncommon trap -58 fr.pc 0x0000000002bbf4d8
Event: 45.452 Thread 0x000000000d88a800 Uncommon trap -58 fr.pc 0x0000000002bb5354

Internal exceptions (10 events):
Event: 29.761 Thread 0x000000000d88a800 Threw 0x00000007dd18c8f8 at C:\jdk7u2_64p\jdk7u21\hotspot\src\share\vm\prims\jvm.cpp:1166
Event: 36.297 Thread 0x000000000d88a800 Implicit null exception at 0x0000000002c0e578 to 0x0000000002c0fda9
Event: 45.471 Thread 0x000000000d88a800 Threw 0x00000007dfcea3d0 at C:\jdk7u2_64p\jdk7u21\hotspot\src\share\vm\prims\jvm.cpp:1166
Event: 45.471 Thread 0x000000000d88a800 Threw 0x00000007dfcf0818 at C:\jdk7u2_64p\jdk7u21\hotspot\src\share\vm\prims\jvm.cpp:1166
Event: 45.471 Thread 0x000000000d88a800 Threw 0x00000007dfcf0fa8 at C:\jdk7u2_64p\jdk7u21\hotspot\src\share\vm\prims\jvm.cpp:1166
Event: 45.472 Thread 0x000000000d88a800 Threw 0x00000007dfcf73f0 at C:\jdk7u2_64p\jdk7u21\hotspot\src\share\vm\prims\jvm.cpp:1166
Event: 45.472 Thread 0x000000000d88a800 Threw 0x00000007dfcf7a98 at C:\jdk7u2_64p\jdk7u21\hotspot\src\share\vm\prims\jvm.cpp:1166
Event: 45.472 Thread 0x000000000d88a800 Threw 0x00000007dfcfc898 at C:\jdk7u2_64p\jdk7u21\hotspot\src\share\vm\prims\jvm.cpp:1166
Event: 45.472 Thread 0x000000000d88a800 Threw 0x00000007dfcfcf40 at C:\jdk7u2_64p\jdk7u21\hotspot\src\share\vm\prims\jvm.cpp:1166
Event: 45.472 Thread 0x000000000d88a800 Threw 0x00000007dfd01ce0 at C:\jdk7u2_64p\jdk7u21\hotspot\src\share\vm\prims\jvm.cpp:1166

Events (10 events):
Event: 45.473 Executing VM operation: BulkRevokeBias done
Event: 46.402 Executing VM operation: BulkRevokeBias
Event: 46.402 Executing VM operation: BulkRevokeBias done
Event: 46.403 Executing VM operation: BulkRevokeBias
Event: 46.403 Executing VM operation: BulkRevokeBias done
Event: 46.404 Executing VM operation: BulkRevokeBias
Event: 46.404 Executing VM operation: BulkRevokeBias done
Event: 46.404 Executing VM operation: BulkRevokeBias
Event: 46.404 Executing VM operation: BulkRevokeBias done
Event: 46.448 Thread 0x000000000b79a800 flushing nmethod 0x0000000002a9b250


Dynamic libraries:
0x00007ff7d2710000 - 0x00007ff7d2743000 	C:\Program Files\Java\jdk1.7.0_21\bin\java.exe
0x00007ffbcd490000 - 0x00007ffbcd685000 	C:\WINDOWS\SYSTEM32\ntdll.dll
0x00007ffbcb990000 - 0x00007ffbcba4e000 	C:\WINDOWS\System32\KERNEL32.DLL
0x00007ffbcafe0000 - 0x00007ffbcb2a8000 	C:\WINDOWS\System32\KERNELBASE.dll
0x00007ffbcbea0000 - 0x00007ffbcbf4e000 	C:\WINDOWS\System32\ADVAPI32.dll
0x00007ffbcce30000 - 0x00007ffbccece000 	C:\WINDOWS\System32\msvcrt.dll
0x00007ffbcbc60000 - 0x00007ffbcbcfc000 	C:\WINDOWS\System32\sechost.dll
0x00007ffbcb760000 - 0x00007ffbcb885000 	C:\WINDOWS\System32\RPCRT4.dll
0x00007ffbcb510000 - 0x00007ffbcb6b0000 	C:\WINDOWS\System32\USER32.dll
0x00007ffbcaf00000 - 0x00007ffbcaf22000 	C:\WINDOWS\System32\win32u.dll
0x00007ffbcb960000 - 0x00007ffbcb98b000 	C:\WINDOWS\System32\GDI32.dll
0x00007ffbcabf0000 - 0x00007ffbcacfd000 	C:\WINDOWS\System32\gdi32full.dll
0x00007ffbcae60000 - 0x00007ffbcaefd000 	C:\WINDOWS\System32\msvcp_win.dll
0x00007ffbcb3e0000 - 0x00007ffbcb4e0000 	C:\WINDOWS\System32\ucrtbase.dll
0x00007ffbb96e0000 - 0x00007ffbb997a000 	C:\WINDOWS\WinSxS\amd64_microsoft.windows.common-controls_6595b64144ccf1df_6.0.19041.1110_none_60b5254171f9507e\COMCTL32.dll
0x00007ffbcc6b0000 - 0x00007ffbcc6e0000 	C:\WINDOWS\System32\IMM32.DLL
0x000000005e940000 - 0x000000005ea11000 	C:\Program Files\Java\jdk1.7.0_21\jre\bin\msvcr100.dll
0x000000005d4a0000 - 0x000000005dbc1000 	C:\Program Files\Java\jdk1.7.0_21\jre\bin\server\jvm.dll
0x00007ffbcc5c0000 - 0x00007ffbcc5c8000 	C:\WINDOWS\System32\PSAPI.DLL
0x00007ffbbf8b0000 - 0x00007ffbbf8b9000 	C:\WINDOWS\SYSTEM32\WSOCK32.dll
0x00007ffbcbf50000 - 0x00007ffbcbfbb000 	C:\WINDOWS\System32\WS2_32.dll
0x00007ffbbb260000 - 0x00007ffbbb287000 	C:\WINDOWS\SYSTEM32\WINMM.dll
0x000000005e8f0000 - 0x000000005e8ff000 	C:\Program Files\Java\jdk1.7.0_21\jre\bin\verify.dll
0x000000005e8c0000 - 0x000000005e8e8000 	C:\Program Files\Java\jdk1.7.0_21\jre\bin\java.dll
0x000000005dda0000 - 0x000000005ddd5000 	C:\Program Files\Java\jdk1.7.0_21\jre\bin\jdwp.dll
0x000000005e400000 - 0x000000005e408000 	C:\Program Files\Java\jdk1.7.0_21\jre\bin\npt.dll
0x000000005e8a0000 - 0x000000005e8b5000 	C:\Program Files\Java\jdk1.7.0_21\jre\bin\zip.dll
0x000000005e740000 - 0x000000005e74b000 	C:\Program Files\Java\jdk1.7.0_21\jre\bin\dt_shmem.dll
0x000000005d300000 - 0x000000005d493000 	C:\Program Files\Java\jdk1.7.0_21\jre\bin\awt.dll
0x00007ffbcb890000 - 0x00007ffbcb95d000 	C:\WINDOWS\System32\OLEAUT32.dll
0x00007ffbcd000000 - 0x00007ffbcd355000 	C:\WINDOWS\System32\combase.dll
0x00007ffbc7910000 - 0x00007ffbc79a0000 	C:\WINDOWS\SYSTEM32\apphelp.dll
0x00007ffbc7a50000 - 0x00007ffbc7aee000 	C:\WINDOWS\system32\uxtheme.dll
0x00007ffbcbfc0000 - 0x00007ffbcc0d6000 	C:\WINDOWS\System32\MSCTF.dll
0x00007ffbcced0000 - 0x00007ffbccffa000 	C:\WINDOWS\System32\ole32.dll
0x00007ffbc9470000 - 0x00007ffbc9482000 	C:\WINDOWS\SYSTEM32\kernel.appcore.dll
0x00007ffbcb320000 - 0x00007ffbcb3a2000 	C:\WINDOWS\System32\bcryptPrimitives.dll
0x00007ffbcc6e0000 - 0x00007ffbcce24000 	C:\WINDOWS\System32\SHELL32.dll
0x00007ffbcc560000 - 0x00007ffbcc5b5000 	C:\WINDOWS\System32\SHLWAPI.dll
0x00007ffbcbd00000 - 0x00007ffbcbdad000 	C:\WINDOWS\System32\shcore.dll
0x00007ffbc7df0000 - 0x00007ffbc7e1f000 	C:\WINDOWS\system32\DWMAPI.DLL
0x000000005e820000 - 0x000000005e85e000 	C:\Program Files\Java\jdk1.7.0_21\jre\bin\fontmanager.dll
0x000000005e880000 - 0x000000005e899000 	C:\Program Files\Java\jdk1.7.0_21\jre\bin\net.dll
0x00007ffbca350000 - 0x00007ffbca3ba000 	C:\WINDOWS\system32\mswsock.dll
0x000000005e860000 - 0x000000005e871000 	C:\Program Files\Java\jdk1.7.0_21\jre\bin\nio.dll
0x00007ffbc08a0000 - 0x00007ffbc0999000 	C:\WINDOWS\SYSTEM32\textinputframework.dll
0x00007ffbc7370000 - 0x00007ffbc76ce000 	C:\WINDOWS\System32\CoreUIComponents.dll
0x00007ffbc76d0000 - 0x00007ffbc77c2000 	C:\WINDOWS\System32\CoreMessaging.dll
0x00007ffbc9890000 - 0x00007ffbc98c3000 	C:\WINDOWS\SYSTEM32\ntmarta.dll
0x00007ffbc6b30000 - 0x00007ffbc6c84000 	C:\WINDOWS\SYSTEM32\wintypes.dll
0x000000005e7d0000 - 0x000000005e811000 	C:\Program Files\Java\jdk1.7.0_21\jre\bin\t2k.dll
0x00007ffbca040000 - 0x00007ffbca10b000 	C:\WINDOWS\SYSTEM32\DNSAPI.dll
0x00007ffbc9ff0000 - 0x00007ffbca02b000 	C:\WINDOWS\SYSTEM32\IPHLPAPI.DLL
0x00007ffbcb4e0000 - 0x00007ffbcb4e8000 	C:\WINDOWS\System32\NSI.dll
0x00007ffbbbcc0000 - 0x00007ffbbbcca000 	C:\Windows\System32\rasadhlp.dll
0x00007ffbbc1d0000 - 0x00007ffbbc24f000 	C:\WINDOWS\System32\fwpuclnt.dll
0x00007ffbcb3b0000 - 0x00007ffbcb3d7000 	C:\WINDOWS\System32\bcrypt.dll
0x00007ffbca540000 - 0x00007ffbca558000 	C:\WINDOWS\SYSTEM32\CRYPTSP.dll
0x00007ffbc9c60000 - 0x00007ffbc9c94000 	C:\WINDOWS\system32\rsaenh.dll
0x00007ffbcaaa0000 - 0x00007ffbcaace000 	C:\WINDOWS\SYSTEM32\USERENV.dll
0x00007ffbcaae0000 - 0x00007ffbcaaff000 	C:\WINDOWS\SYSTEM32\profapi.dll
0x00007ffbca560000 - 0x00007ffbca56c000 	C:\WINDOWS\SYSTEM32\CRYPTBASE.dll
0x00007ffbb2590000 - 0x00007ffbb25a7000 	C:\WINDOWS\system32\napinsp.dll
0x00007ffbb25b0000 - 0x00007ffbb25cb000 	C:\WINDOWS\system32\pnrpnsp.dll
0x00007ffbb25d0000 - 0x00007ffbb25e5000 	C:\WINDOWS\system32\wshbth.dll
0x00007ffbc6c90000 - 0x00007ffbc6cad000 	C:\WINDOWS\system32\NLAapi.dll
0x00007ffbb25f0000 - 0x00007ffbb2602000 	C:\WINDOWS\System32\winrnr.dll
0x00007ffbcb6b0000 - 0x00007ffbcb759000 	C:\WINDOWS\System32\clbcatq.dll
0x00007ffbc8250000 - 0x00007ffbc89e4000 	C:\WINDOWS\SYSTEM32\windows.storage.dll
0x00007ffbca5f0000 - 0x00007ffbca61e000 	C:\WINDOWS\SYSTEM32\Wldp.dll
0x00007ffbc2140000 - 0x00007ffbc22f4000 	C:\WINDOWS\SYSTEM32\WindowsCodecs.dll
0x00007ffbb9330000 - 0x00007ffbb936e000 	C:\WINDOWS\system32\dataexchange.dll
0x00007ffbc5de0000 - 0x00007ffbc6044000 	C:\WINDOWS\system32\d3d11.dll
0x00007ffbc6cb0000 - 0x00007ffbc6e95000 	C:\WINDOWS\system32\dcomp.dll
0x00007ffbc9490000 - 0x00007ffbc9584000 	C:\WINDOWS\system32\dxgi.dll
0x00007ffbc4880000 - 0x00007ffbc4a81000 	C:\WINDOWS\system32\twinapi.appcore.dll
0x000000005dee0000 - 0x000000005df10000 	C:\Program Files\Java\jdk1.7.0_21\jre\bin\jpeg.dll
0x00007ffbc3900000 - 0x00007ffbc39b0000 	C:\WINDOWS\WinSxS\amd64_microsoft.windows.common-controls_6595b64144ccf1df_5.82.19041.1110_none_792d1c772443f647\comctl32.dll
0x00007ffbb6440000 - 0x00007ffbb6624000 	C:\WINDOWS\SYSTEM32\dbghelp.dll

VM Arguments:
jvm_args: -Xdebug -Xrunjdwp:transport=dt_shmem,address=javadebug -Dfile.encoding=UTF-8 
java_command: Presentacion.MENU000
Launcher Type: SUN_STANDARD

Environment Variables:
JAVA_HOME=C:\Program Files\Java\jdk1.7.0_21
PATH=C:\Program Files (x86)\Intel\Intel(R) Management Engine Components\iCLS\;C:\Program Files\Intel\Intel(R) Management Engine Components\iCLS\;C:\WINDOWS\system32;C:\WINDOWS;C:\WINDOWS\System32\Wbem;C:\WINDOWS\System32\WindowsPowerShell\v1.0\;C:\WINDOWS\System32\OpenSSH\;C:\Program Files (x86)\EasyFrom;C:\Program Files\Java\jdk1.7.0_21\bin;C:\Program Files (x86)\Common Files\Ulead Systems\MPEG;C:\apache-maven-3.2.1\bin;C:\Program Files (x86)\Intel\Intel(R) Management Engine Components\DAL;C:\Program Files\Intel\Intel(R) Management Engine Components\DAL;C:\Program Files (x86)\Intel\Intel(R) Management Engine Components\IPT;C:\Program Files\Intel\Intel(R) Management Engine Components\IPT;C:\Users\JAVIER SALAS\AppData\Local\Microsoft\WindowsApps;C:\apache-maven-3.2.1\bin;
USERNAME=JAVIER SALAS
OS=Windows_NT
PROCESSOR_IDENTIFIER=Intel64 Family 6 Model 69 Stepping 1, GenuineIntel



---------------  S Y S T E M  ---------------

OS: Windows 8 , 64 bit Build 9200 

CPU:total 4 (2 cores per cpu, 2 threads per core) family 6 model 69 stepping 1, cmov, cx8, fxsr, mmx, sse, sse2, sse3, ssse3, sse4.1, sse4.2, popcnt, avx, avx2, ht, tsc, tscinvbit

Memory: 4k page, physical 8315244k(3972056k free), swap 9625964k(4267752k free)

vm_info: Java HotSpot(TM) 64-Bit Server VM (23.21-b01) for windows-amd64 JRE (1.7.0_21-b11), built on Apr  4 2013 08:11:28 by "java_re" with unknown MS VC++:1600

time: Sat Feb 19 16:51:38 2022
elapsed time: 46 seconds

